2019-10-08 11:47:34,418 -- z3prover.py -- [function:imply][line:46] -- DEBUG: #checking imply:
 f1:( !Ch(0,0) ) => ( !Ch(0,0)&turn(p1) )
 f2:exists(K21:Int,K22:Int)[ (Ch(K21,K22)&turn(p1)&K21>=0&K21<xlen()&K22>=0&K22<ylen())&(( !(Ch(0,0)&(K21>0|K22>0)) ) => ( !(Ch(0,0)&(K21>0|K22>0))&(!turn(p1)) )) ]
2019-10-08 11:47:34,459 -- z3prover.py -- [function:imply][line:46] -- DEBUG: #checking imply:
 f1:( !Ch(0,0) ) => ( !Ch(0,0)&turn(p1) )
 f2:forall(K19:Int,K20:Int)[ Ch(K19,K20)&turn(p2)&K19>=0&K19<xlen()&K20>=0&K20<ylen()=>(( !(Ch(0,0)&(K19>0|K20>0)) ) => ( !(Ch(0,0)&(K19>0|K20>0))&(!turn(p1)) )) ]
2019-10-08 11:47:34,566 -- z3prover.py -- [function:imply][line:46] -- DEBUG: #checking imply:
 f1:(( !Ch(0,0) ) => ( !Ch(0,0)&turn(p1) ))&!(exists(X0:_S1)[turn(X0)])
 f2:exists(K25:Int,K26:Int)[ (Ch(K25,K26)&turn(p1)&K25>=0&K25<xlen()&K26>=0&K26<ylen())&(( !(Ch(0,0)&(K25>0|K26>0)) ) => ( !(Ch(0,0)&(K25>0|K26>0))&(!turn(p1)) )) ]
2019-10-08 11:47:34,595 -- z3prover.py -- [function:imply][line:46] -- DEBUG: #checking imply:
 f1:( !Ch(0,0) ) => ( !Ch(0,0)&turn(p1) )
 f2:forall(K23:Int,K24:Int)[ Ch(K23,K24)&turn(p2)&K23>=0&K23<xlen()&K24>=0&K24<ylen()=>((( !(Ch(0,0)&(K23>0|K24>0)) ) => ( !(Ch(0,0)&(K23>0|K24>0))&(!turn(p1)) ))&!(exists(X0:_S1)[(!turn(X0))])) ]
2019-10-08 11:47:34,752 -- z3prover.py -- [function:imply][line:46] -- DEBUG: #checking imply:
 f1:(( !Ch(0,0) ) => ( !Ch(0,0)&turn(p1) ))&!(exists(X0:_S1)[turn(X0)])
 f2:exists(K29:Int,K30:Int)[ (Ch(K29,K30)&turn(p1)&K29>=0&K29<xlen()&K30>=0&K30<ylen())&((( !(Ch(0,0)&(K29>0|K30>0)) ) => ( !(Ch(0,0)&(K29>0|K30>0))&(!turn(p1)) ))&!(exists(X1:Int)[X1>=0&(Ch(0,X1)&(K29>0|K30>X1))])) ]
2019-10-08 11:47:34,776 -- z3prover.py -- [function:imply][line:46] -- DEBUG: #checking imply:
 f1:(( !Ch(0,0) ) => ( !Ch(0,0)&turn(p1) ))&!(exists(X1:Int)[X1>=0&Ch(0,X1)])
 f2:forall(K27:Int,K28:Int)[ Ch(K27,K28)&turn(p2)&K27>=0&K27<xlen()&K28>=0&K28<ylen()=>((( !(Ch(0,0)&(K27>0|K28>0)) ) => ( !(Ch(0,0)&(K27>0|K28>0))&(!turn(p1)) ))&!(exists(X0:_S1)[(!turn(X0))])) ]
2019-10-08 11:47:34,795 -- z3prover.py -- [function:imply][line:46] -- DEBUG: #checking imply:
 f1:forall(K16:Int,K17:Int)[K16>=0&K16<xlen()&K17>=0&K17<ylen()=>Ch(K16,K17)]&turn(p1)&!turn(p2)
 f2:(( !Ch(0,0) ) => ( !Ch(0,0)&turn(p1) ))&!(exists(X0:_S1)[turn(X0)])
2019-10-08 11:47:35,607 -- z3prover.py -- [function:imply][line:46] -- DEBUG: #checking imply:
 f1:(( !Ch(0,0) ) => ( !Ch(0,0)&turn(p1) ))&!(exists(G0:Int)[G0>=0&G0 = 0&! Ch(0,G0)])
 f2:exists(K33:Int,K34:Int)[ (Ch(K33,K34)&turn(p1)&K33>=0&K33<xlen()&K34>=0&K34<ylen())&((( !(Ch(0,0)&(K33>0|K34>0)) ) => ( !(Ch(0,0)&(K33>0|K34>0))&(!turn(p1)) ))&!(exists(G0:Int)[G0>=0&G0 > 0&(Ch(G0,G0)&(K33>G0|K34>G0))])) ]
2019-10-08 11:47:35,642 -- z3prover.py -- [function:imply][line:46] -- DEBUG: #checking imply:
 f1:(( !Ch(0,0) ) => ( !Ch(0,0)&turn(p1) ))&!(exists(G0:Int)[G0>=0&G0 > 0&Ch(G0,G0)])
 f2:forall(K31:Int,K32:Int)[ Ch(K31,K32)&turn(p2)&K31>=0&K31<xlen()&K32>=0&K32<ylen()=>((( !(Ch(0,0)&(K31>0|K32>0)) ) => ( !(Ch(0,0)&(K31>0|K32>0))&(!turn(p1)) ))&!(exists(G0:Int)[G0>=0&G0 = 0&! (Ch(0,G0)&(K31>0|K32>G0))])) ]
2019-10-08 11:47:36,458 -- z3prover.py -- [function:imply][line:46] -- DEBUG: #checking imply:
 f1:(( !Ch(0,0) ) => ( !Ch(0,0)&turn(p1) ))&!(exists(G0:Int)[G0>=0&G0 = 0&! Ch(0,G0)])&!(turn(p2))
 f2:exists(K37:Int,K38:Int)[ (Ch(K37,K38)&turn(p1)&K37>=0&K37<xlen()&K38>=0&K38<ylen())&((( !(Ch(0,0)&(K37>0|K38>0)) ) => ( !(Ch(0,0)&(K37>0|K38>0))&(!turn(p1)) ))&!(exists(G0:Int)[ exists(K39:Int)[ (xlen()=K39)&(G0>=0& K39 > G0&! (Ch(0,G0)&(K37>0|K38>G0)))] ])) ]
2019-10-08 11:47:36,506 -- z3prover.py -- [function:imply][line:46] -- DEBUG: #checking imply:
 f1:(( !Ch(0,0) ) => ( !Ch(0,0)&turn(p1) ))&!(exists(G0:Int)[G0>=0&G0 = 0&! Ch(0,G0)])&!(turn(p2))
 f2:exists(K37:Int,K38:Int)[ (Ch(K37,K38)&turn(p1)&K37>=0&K37<xlen()&K38>=0&K38<ylen())&((( !(Ch(0,0)&(K37>0|K38>0)) ) => ( !(Ch(0,0)&(K37>0|K38>0))&(!turn(p1)) ))&!(exists(G0:Int)[ exists(K39:Int)[ (xlen()=K39)&(G0>=0& K39 > G0&! (Ch(0,G0)&(K37>0|K38>G0)))] ])) ]
2019-10-08 11:47:36,534 -- z3prover.py -- [function:imply][line:46] -- DEBUG: #checking imply:
 f1:(( !Ch(0,0) ) => ( !Ch(0,0)&turn(p1) ))&!(exists(G0:Int)[G0>=0&xlen() > G0&! Ch(0,G0)])
 f2:forall(K35:Int,K36:Int)[ Ch(K35,K36)&turn(p2)&K35>=0&K35<xlen()&K36>=0&K36<ylen()=>((( !(Ch(0,0)&(K35>0|K36>0)) ) => ( !(Ch(0,0)&(K35>0|K36>0))&(!turn(p1)) ))&!(exists(G0:Int)[G0>=0&G0 = 0&! (Ch(0,G0)&(K35>0|K36>G0))])&!((!turn(p2)))) ]
2019-10-08 11:47:40,483 -- z3prover.py -- [function:imply][line:46] -- DEBUG: #checking imply:
 f1:(( !Ch(0,0) ) => ( !Ch(0,0)&turn(p1) ))&!(exists(G0:Int)[G0>=0&xlen() > G0&! Ch(0,G0)])
 f2:exists(K43:Int,K44:Int)[ (Ch(K43,K44)&turn(p1)&K43>=0&K43<xlen()&K44>=0&K44<ylen())&((( !(Ch(0,0)&(K43>0|K44>0)) ) => ( !(Ch(0,0)&(K43>0|K44>0))&(!turn(p1)) ))&!(exists(G0:Int)[ exists(K45:Int)[ (xlen()=K45)&(G0>=0& K45 > G0&! (Ch(0,G0)&(K43>0|K44>G0)))] ])&!(exists(G0:Int)[G0>=0&G0 > 0&(Ch(G0,G0)&(K43>G0|K44>G0))])) ]
2019-10-08 11:47:40,521 -- z3prover.py -- [function:imply][line:46] -- DEBUG: #checking imply:
 f1:(( !Ch(0,0) ) => ( !Ch(0,0)&turn(p1) ))&!(exists(G0:Int)[G0>=0&xlen() > G0&! Ch(0,G0)])&!(exists(G0:Int)[G0>=0&G0 > 0&Ch(G0,G0)])
 f2:forall(K40:Int,K41:Int)[ Ch(K40,K41)&turn(p2)&K40>=0&K40<xlen()&K41>=0&K41<ylen()=>((( !(Ch(0,0)&(K40>0|K41>0)) ) => ( !(Ch(0,0)&(K40>0|K41>0))&(!turn(p1)) ))&!(exists(G0:Int)[ exists(K42:Int)[ (xlen()=K42)&(G0>=0& K42 > G0&! (Ch(0,G0)&(K40>0|K41>G0)))] ])) ]
2019-10-08 11:47:40,559 -- z3prover.py -- [function:imply][line:46] -- DEBUG: #checking imply:
 f1:(( !Ch(0,0) ) => ( !Ch(0,0)&turn(p1) ))&!(exists(G0:Int)[G0>=0&xlen() > G0&! Ch(0,G0)])&!(exists(G0:Int)[G0>=0&G0 > 0&Ch(G0,G0)])
 f2:forall(K40:Int,K41:Int)[ Ch(K40,K41)&turn(p2)&K40>=0&K40<xlen()&K41>=0&K41<ylen()=>((( !(Ch(0,0)&(K40>0|K41>0)) ) => ( !(Ch(0,0)&(K40>0|K41>0))&(!turn(p1)) ))&!(exists(G0:Int)[ exists(K42:Int)[ (xlen()=K42)&(G0>=0& K42 > G0&! (Ch(0,G0)&(K40>0|K41>G0)))] ])) ]
2019-10-08 11:47:49,713 -- z3prover.py -- [function:imply][line:46] -- DEBUG: #checking imply:
 f1:(( !Ch(0,0) ) => ( !Ch(0,0)&turn(p1) ))&!(exists(G0:Int)[G0>=0&xlen() > G0&! Ch(0,G0)])&!(turn(p2))
 f2:exists(K49:Int,K50:Int)[ (Ch(K49,K50)&turn(p1)&K49>=0&K49<xlen()&K50>=0&K50<ylen())&((( !(Ch(0,0)&(K49>0|K50>0)) ) => ( !(Ch(0,0)&(K49>0|K50>0))&(!turn(p1)) ))&!(exists(G0:Int)[G0>=0&G0 > 0&(Ch(G0,G0)&(K49>G0|K50>G0))])&!(exists(G0:Int)[ exists(K51:Int)[ (xlen()=K51)&(G0>=0& K51 > G0&! (Ch(G0,0)&(K49>G0|K50>0)))] ])) ]
2019-10-08 11:47:49,751 -- z3prover.py -- [function:imply][line:46] -- DEBUG: #checking imply:
 f1:(( !Ch(0,0) ) => ( !Ch(0,0)&turn(p1) ))&!(exists(G0:Int)[G0>=0&G0 > 0&Ch(G0,G0)])&!(exists(G0:Int)[G0>=0&xlen() > G0&! Ch(G0,0)])
 f2:forall(K46:Int,K47:Int)[ Ch(K46,K47)&turn(p2)&K46>=0&K46<xlen()&K47>=0&K47<ylen()=>((( !(Ch(0,0)&(K46>0|K47>0)) ) => ( !(Ch(0,0)&(K46>0|K47>0))&(!turn(p1)) ))&!(exists(G0:Int)[ exists(K48:Int)[ (xlen()=K48)&(G0>=0& K48 > G0&! (Ch(0,G0)&(K46>0|K47>G0)))] ])&!((!turn(p2)))) ]
2019-10-08 11:47:49,793 -- z3prover.py -- [function:imply][line:46] -- DEBUG: #checking imply:
 f1:(( !Ch(0,0) ) => ( !Ch(0,0)&turn(p1) ))&!(exists(G0:Int)[G0>=0&G0 > 0&Ch(G0,G0)])&!(exists(G0:Int)[G0>=0&xlen() > G0&! Ch(G0,0)])
 f2:forall(K46:Int,K47:Int)[ Ch(K46,K47)&turn(p2)&K46>=0&K46<xlen()&K47>=0&K47<ylen()=>((( !(Ch(0,0)&(K46>0|K47>0)) ) => ( !(Ch(0,0)&(K46>0|K47>0))&(!turn(p1)) ))&!(exists(G0:Int)[ exists(K48:Int)[ (xlen()=K48)&(G0>=0& K48 > G0&! (Ch(0,G0)&(K46>0|K47>G0)))] ])&!((!turn(p2)))) ]
2019-10-08 11:47:53,190 -- z3prover.py -- [function:imply][line:46] -- DEBUG: #checking imply:
 f1:(( !Ch(0,0) ) => ( !Ch(0,0)&turn(p1) ))&!(exists(G0:Int)[G0>=0&xlen() > G0&! Ch(G0,0)])
 f2:exists(K55:Int,K56:Int)[ (Ch(K55,K56)&turn(p1)&K55>=0&K55<xlen()&K56>=0&K56<ylen())&((( !(Ch(0,0)&(K55>0|K56>0)) ) => ( !(Ch(0,0)&(K55>0|K56>0))&(!turn(p1)) ))&!(exists(G0:Int)[G0>=0&G0 > 0&(Ch(G0,G0)&(K55>G0|K56>G0))])&!(exists(G0:Int)[ exists(K57:Int)[ (xlen()=K57)&(G0>=0& K57 > G0&! (Ch(G0,0)&(K55>G0|K56>0)))] ])&!(exists(G0:Int)[G0>=0&(Ch(G0,0)&(K55>G0|K56>0))&! (Ch(0,G0)&(K55>0|K56>G0))])) ]
2019-10-08 11:47:53,229 -- z3prover.py -- [function:imply][line:46] -- DEBUG: #checking imply:
 f1:(( !Ch(0,0) ) => ( !Ch(0,0)&turn(p1) ))&!(exists(G0:Int)[G0>=0&G0 > 0&Ch(G0,G0)])&!(exists(G0:Int)[G0>=0&xlen() > G0&! Ch(G0,0)])&!(exists(G0:Int)[G0>=0&Ch(G0,0)&! Ch(0,G0)])
 f2:forall(K52:Int,K53:Int)[ Ch(K52,K53)&turn(p2)&K52>=0&K52<xlen()&K53>=0&K53<ylen()=>((( !(Ch(0,0)&(K52>0|K53>0)) ) => ( !(Ch(0,0)&(K52>0|K53>0))&(!turn(p1)) ))&!(exists(G0:Int)[ exists(K54:Int)[ (xlen()=K54)&(G0>=0& K54 > G0&! (Ch(G0,0)&(K52>G0|K53>0)))] ])) ]
2019-10-08 11:47:53,264 -- z3prover.py -- [function:imply][line:46] -- DEBUG: #checking imply:
 f1:(( !Ch(0,0) ) => ( !Ch(0,0)&turn(p1) ))&!(exists(G0:Int)[G0>=0&G0 > 0&Ch(G0,G0)])&!(exists(G0:Int)[G0>=0&xlen() > G0&! Ch(G0,0)])&!(exists(G0:Int)[G0>=0&Ch(G0,0)&! Ch(0,G0)])
 f2:forall(K52:Int,K53:Int)[ Ch(K52,K53)&turn(p2)&K52>=0&K52<xlen()&K53>=0&K53<ylen()=>((( !(Ch(0,0)&(K52>0|K53>0)) ) => ( !(Ch(0,0)&(K52>0|K53>0))&(!turn(p1)) ))&!(exists(G0:Int)[ exists(K54:Int)[ (xlen()=K54)&(G0>=0& K54 > G0&! (Ch(G0,0)&(K52>G0|K53>0)))] ])) ]
2019-10-08 11:48:04,140 -- z3prover.py -- [function:imply][line:46] -- DEBUG: #checking imply:
 f1:( !Ch(0,0) ) => ( !Ch(0,0)&turn(p1) )
 f2:exists(K60:Int,K61:Int)[ (Ch(K60,K61)&turn(p1)&K60>=0&K60<xlen()&K61>=0&K61<ylen())&(( !(Ch(0,0)&(K60>0|K61>0)) ) => ( !(Ch(0,0)&(K60>0|K61>0))&(!turn(p1)) )) ]
2019-10-08 11:48:04,170 -- z3prover.py -- [function:imply][line:46] -- DEBUG: #checking imply:
 f1:( !Ch(0,0) ) => ( !Ch(0,0)&turn(p1) )
 f2:forall(K58:Int,K59:Int)[ Ch(K58,K59)&turn(p2)&K58>=0&K58<xlen()&K59>=0&K59<ylen()=>(( !(Ch(0,0)&(K58>0|K59>0)) ) => ( !(Ch(0,0)&(K58>0|K59>0))&(!turn(p1)) )) ]
2019-10-08 11:48:04,257 -- z3prover.py -- [function:imply][line:46] -- DEBUG: #checking imply:
 f1:(( !Ch(0,0) ) => ( !Ch(0,0)&turn(p1) ))&!(exists(X0:_S1)[turn(X0)])
 f2:exists(K64:Int,K65:Int)[ (Ch(K64,K65)&turn(p1)&K64>=0&K64<xlen()&K65>=0&K65<ylen())&(( !(Ch(0,0)&(K64>0|K65>0)) ) => ( !(Ch(0,0)&(K64>0|K65>0))&(!turn(p1)) )) ]
2019-10-08 11:48:04,282 -- z3prover.py -- [function:imply][line:46] -- DEBUG: #checking imply:
 f1:( !Ch(0,0) ) => ( !Ch(0,0)&turn(p1) )
 f2:forall(K62:Int,K63:Int)[ Ch(K62,K63)&turn(p2)&K62>=0&K62<xlen()&K63>=0&K63<ylen()=>((( !(Ch(0,0)&(K62>0|K63>0)) ) => ( !(Ch(0,0)&(K62>0|K63>0))&(!turn(p1)) ))&!(exists(X0:_S1)[(!turn(X0))])) ]
2019-10-08 11:48:04,453 -- z3prover.py -- [function:imply][line:46] -- DEBUG: #checking imply:
 f1:(( !Ch(0,0) ) => ( !Ch(0,0)&turn(p1) ))&!(exists(X0:_S1)[turn(X0)])
 f2:exists(K68:Int,K69:Int)[ (Ch(K68,K69)&turn(p1)&K68>=0&K68<xlen()&K69>=0&K69<ylen())&((( !(Ch(0,0)&(K68>0|K69>0)) ) => ( !(Ch(0,0)&(K68>0|K69>0))&(!turn(p1)) ))&!(exists(X1:Int)[X1>=0&(Ch(0,X1)&(K68>0|K69>X1))])) ]
2019-10-08 11:48:04,478 -- z3prover.py -- [function:imply][line:46] -- DEBUG: #checking imply:
 f1:(( !Ch(0,0) ) => ( !Ch(0,0)&turn(p1) ))&!(exists(X1:Int)[X1>=0&Ch(0,X1)])
 f2:forall(K66:Int,K67:Int)[ Ch(K66,K67)&turn(p2)&K66>=0&K66<xlen()&K67>=0&K67<ylen()=>((( !(Ch(0,0)&(K66>0|K67>0)) ) => ( !(Ch(0,0)&(K66>0|K67>0))&(!turn(p1)) ))&!(exists(X0:_S1)[(!turn(X0))])) ]
2019-10-08 11:48:04,504 -- z3prover.py -- [function:imply][line:46] -- DEBUG: #checking imply:
 f1:forall(K16:Int,K17:Int)[K16>=0&K16<xlen()&K17>=0&K17<ylen()=>Ch(K16,K17)]&turn(p1)&!turn(p2)
 f2:(( !Ch(0,0) ) => ( !Ch(0,0)&turn(p1) ))&!(exists(X0:_S1)[turn(X0)])
2019-10-08 11:48:05,276 -- z3prover.py -- [function:imply][line:46] -- DEBUG: #checking imply:
 f1:(( !Ch(0,0) ) => ( !Ch(0,0)&turn(p1) ))&!(exists(G0:Int)[G0>=0&! G0 > 0&! Ch(G0,G0)])
 f2:exists(K72:Int,K73:Int)[ (Ch(K72,K73)&turn(p1)&K72>=0&K72<xlen()&K73>=0&K73<ylen())&((( !(Ch(0,0)&(K72>0|K73>0)) ) => ( !(Ch(0,0)&(K72>0|K73>0))&(!turn(p1)) ))&!(exists(G0:Int)[G0>=0&! G0 = 0&(Ch(G0,G0)&(K72>G0|K73>G0))])) ]
2019-10-08 11:48:05,311 -- z3prover.py -- [function:imply][line:46] -- DEBUG: #checking imply:
 f1:(( !Ch(0,0) ) => ( !Ch(0,0)&turn(p1) ))&!(exists(G0:Int)[G0>=0&! G0 = 0&Ch(G0,G0)])
 f2:forall(K70:Int,K71:Int)[ Ch(K70,K71)&turn(p2)&K70>=0&K70<xlen()&K71>=0&K71<ylen()=>((( !(Ch(0,0)&(K70>0|K71>0)) ) => ( !(Ch(0,0)&(K70>0|K71>0))&(!turn(p1)) ))&!(exists(G0:Int)[G0>=0&! G0 > 0&! (Ch(G0,G0)&(K70>G0|K71>G0))])) ]
2019-10-08 11:48:06,384 -- z3prover.py -- [function:imply][line:46] -- DEBUG: #checking imply:
 f1:(( !Ch(0,0) ) => ( !Ch(0,0)&turn(p1) ))&!(exists(G0:Int)[G0>=0&! G0 > 0&! Ch(G0,G0)])&!(! turn(p1))
 f2:exists(K76:Int,K77:Int)[ (Ch(K76,K77)&turn(p1)&K76>=0&K76<xlen()&K77>=0&K77<ylen())&((( !(Ch(0,0)&(K76>0|K77>0)) ) => ( !(Ch(0,0)&(K76>0|K77>0))&(!turn(p1)) ))&!(exists(G0:Int)[ exists(K78:Int)[ (ylen()=K78)&(G0>=0& K78 > G0&! (Ch(0,G0)&(K76>0|K77>G0)))] ])) ]
2019-10-08 11:48:06,427 -- z3prover.py -- [function:imply][line:46] -- DEBUG: #checking imply:
 f1:(( !Ch(0,0) ) => ( !Ch(0,0)&turn(p1) ))&!(exists(G0:Int)[G0>=0&ylen() > G0&! Ch(0,G0)])
 f2:forall(K74:Int,K75:Int)[ Ch(K74,K75)&turn(p2)&K74>=0&K74<xlen()&K75>=0&K75<ylen()=>((( !(Ch(0,0)&(K74>0|K75>0)) ) => ( !(Ch(0,0)&(K74>0|K75>0))&(!turn(p1)) ))&!(exists(G0:Int)[G0>=0&! G0 > 0&! (Ch(G0,G0)&(K74>G0|K75>G0))])&!(! (!turn(p1)))) ]
2019-10-08 11:48:09,386 -- z3prover.py -- [function:imply][line:46] -- DEBUG: #checking imply:
 f1:(( !Ch(0,0) ) => ( !Ch(0,0)&turn(p1) ))&!(exists(G0:Int)[G0>=0&ylen() > G0&! Ch(G0,G0)])
 f2:exists(K82:Int,K83:Int)[ (Ch(K82,K83)&turn(p1)&K82>=0&K82<xlen()&K83>=0&K83<ylen())&((( !(Ch(0,0)&(K82>0|K83>0)) ) => ( !(Ch(0,0)&(K82>0|K83>0))&(!turn(p1)) ))&!(exists(G0:Int)[ exists(K84:Int)[ (ylen()=K84)&(G0>=0& K84 > G0&! (Ch(0,G0)&(K82>0|K83>G0)))] ])&!(exists(G0:Int)[G0>=0&! G0 = 0&(Ch(G0,G0)&(K82>G0|K83>G0))])) ]
2019-10-08 11:48:09,422 -- z3prover.py -- [function:imply][line:46] -- DEBUG: #checking imply:
 f1:(( !Ch(0,0) ) => ( !Ch(0,0)&turn(p1) ))&!(exists(G0:Int)[G0>=0&ylen() > G0&! Ch(0,G0)])&!(exists(G0:Int)[G0>=0&! G0 = 0&Ch(G0,G0)])
 f2:forall(K79:Int,K80:Int)[ Ch(K79,K80)&turn(p2)&K79>=0&K79<xlen()&K80>=0&K80<ylen()=>((( !(Ch(0,0)&(K79>0|K80>0)) ) => ( !(Ch(0,0)&(K79>0|K80>0))&(!turn(p1)) ))&!(exists(G0:Int)[ exists(K81:Int)[ (ylen()=K81)&(G0>=0& K81 > G0&! (Ch(G0,G0)&(K79>G0|K80>G0)))] ])) ]
2019-10-08 11:48:09,455 -- z3prover.py -- [function:imply][line:46] -- DEBUG: #checking imply:
 f1:(( !Ch(0,0) ) => ( !Ch(0,0)&turn(p1) ))&!(exists(G0:Int)[G0>=0&ylen() > G0&! Ch(0,G0)])&!(exists(G0:Int)[G0>=0&! G0 = 0&Ch(G0,G0)])
 f2:forall(K79:Int,K80:Int)[ Ch(K79,K80)&turn(p2)&K79>=0&K79<xlen()&K80>=0&K80<ylen()=>((( !(Ch(0,0)&(K79>0|K80>0)) ) => ( !(Ch(0,0)&(K79>0|K80>0))&(!turn(p1)) ))&!(exists(G0:Int)[ exists(K81:Int)[ (ylen()=K81)&(G0>=0& K81 > G0&! (Ch(G0,G0)&(K79>G0|K80>G0)))] ])) ]
2019-10-08 11:48:12,505 -- z3prover.py -- [function:imply][line:46] -- DEBUG: #checking imply:
 f1:( !Ch(0,0) ) => ( !Ch(0,0)&turn(p1) )
 f2:exists(K87:Int,K88:Int)[ (Ch(K87,K88)&turn(p1)&K87>=0&K87<xlen()&K88>=0&K88<ylen())&(( !(Ch(0,0)&(K87>0|K88>0)) ) => ( !(Ch(0,0)&(K87>0|K88>0))&(!turn(p1)) )) ]
2019-10-08 11:48:12,533 -- z3prover.py -- [function:imply][line:46] -- DEBUG: #checking imply:
 f1:( !Ch(0,0) ) => ( !Ch(0,0)&turn(p1) )
 f2:forall(K85:Int,K86:Int)[ Ch(K85,K86)&turn(p2)&K85>=0&K85<xlen()&K86>=0&K86<ylen()=>(( !(Ch(0,0)&(K85>0|K86>0)) ) => ( !(Ch(0,0)&(K85>0|K86>0))&(!turn(p1)) )) ]
2019-10-08 11:48:12,643 -- z3prover.py -- [function:imply][line:46] -- DEBUG: #checking imply:
 f1:(( !Ch(0,0) ) => ( !Ch(0,0)&turn(p1) ))&!(exists(X0:_S1)[turn(X0)])
 f2:exists(K91:Int,K92:Int)[ (Ch(K91,K92)&turn(p1)&K91>=0&K91<xlen()&K92>=0&K92<ylen())&(( !(Ch(0,0)&(K91>0|K92>0)) ) => ( !(Ch(0,0)&(K91>0|K92>0))&(!turn(p1)) )) ]
2019-10-08 11:48:12,674 -- z3prover.py -- [function:imply][line:46] -- DEBUG: #checking imply:
 f1:( !Ch(0,0) ) => ( !Ch(0,0)&turn(p1) )
 f2:forall(K89:Int,K90:Int)[ Ch(K89,K90)&turn(p2)&K89>=0&K89<xlen()&K90>=0&K90<ylen()=>((( !(Ch(0,0)&(K89>0|K90>0)) ) => ( !(Ch(0,0)&(K89>0|K90>0))&(!turn(p1)) ))&!(exists(X0:_S1)[(!turn(X0))])) ]
2019-10-08 11:48:12,839 -- z3prover.py -- [function:imply][line:46] -- DEBUG: #checking imply:
 f1:(( !Ch(0,0) ) => ( !Ch(0,0)&turn(p1) ))&!(exists(X0:_S1)[turn(X0)])
 f2:exists(K95:Int,K96:Int)[ (Ch(K95,K96)&turn(p1)&K95>=0&K95<xlen()&K96>=0&K96<ylen())&((( !(Ch(0,0)&(K95>0|K96>0)) ) => ( !(Ch(0,0)&(K95>0|K96>0))&(!turn(p1)) ))&!(exists(X1:Int)[X1>=0&(Ch(0,X1)&(K95>0|K96>X1))])) ]
2019-10-08 11:48:12,864 -- z3prover.py -- [function:imply][line:46] -- DEBUG: #checking imply:
 f1:(( !Ch(0,0) ) => ( !Ch(0,0)&turn(p1) ))&!(exists(X1:Int)[X1>=0&Ch(0,X1)])
 f2:forall(K93:Int,K94:Int)[ Ch(K93,K94)&turn(p2)&K93>=0&K93<xlen()&K94>=0&K94<ylen()=>((( !(Ch(0,0)&(K93>0|K94>0)) ) => ( !(Ch(0,0)&(K93>0|K94>0))&(!turn(p1)) ))&!(exists(X0:_S1)[(!turn(X0))])) ]
2019-10-08 11:48:12,884 -- z3prover.py -- [function:imply][line:46] -- DEBUG: #checking imply:
 f1:forall(K16:Int,K17:Int)[K16>=0&K16<xlen()&K17>=0&K17<ylen()=>Ch(K16,K17)]&turn(p1)&!turn(p2)
 f2:(( !Ch(0,0) ) => ( !Ch(0,0)&turn(p1) ))&!(exists(X0:_S1)[turn(X0)])
2019-10-08 11:48:13,598 -- z3prover.py -- [function:imply][line:46] -- DEBUG: #checking imply:
 f1:(( !Ch(0,0) ) => ( !Ch(0,0)&turn(p1) ))&!(exists(G0:_S1)[turn(G0)&! Ch(0,0)])
 f2:exists(K99:Int,K100:Int)[ (Ch(K99,K100)&turn(p1)&K99>=0&K99<xlen()&K100>=0&K100<ylen())&((( !(Ch(0,0)&(K99>0|K100>0)) ) => ( !(Ch(0,0)&(K99>0|K100>0))&(!turn(p1)) ))&!(exists(G0:Int,G1:Int)[G0>=0&G1>=0&(Ch(G0,G1)&(K99>G0|K100>G1))&! (Ch(G1,G0)&(K99>G1|K100>G0))])) ]
2019-10-08 11:48:13,636 -- z3prover.py -- [function:imply][line:46] -- DEBUG: #checking imply:
 f1:(( !Ch(0,0) ) => ( !Ch(0,0)&turn(p1) ))&!(exists(G0:Int,G1:Int)[G0>=0&G1>=0&Ch(G0,G1)&! Ch(G1,G0)])
 f2:forall(K97:Int,K98:Int)[ Ch(K97,K98)&turn(p2)&K97>=0&K97<xlen()&K98>=0&K98<ylen()=>((( !(Ch(0,0)&(K97>0|K98>0)) ) => ( !(Ch(0,0)&(K97>0|K98>0))&(!turn(p1)) ))&!(exists(G0:_S1)[(!turn(G0))&! (Ch(0,0)&(K97>0|K98>0))])) ]
2019-10-08 11:48:14,820 -- z3prover.py -- [function:imply][line:46] -- DEBUG: #checking imply:
 f1:(( !Ch(0,0) ) => ( !Ch(0,0)&turn(p1) ))&!(exists(G0:_S1)[turn(G0)&! Ch(0,0)])&!(turn(p2))
 f2:exists(K103:Int,K104:Int)[ (Ch(K103,K104)&turn(p1)&K103>=0&K103<xlen()&K104>=0&K104<ylen())&((( !(Ch(0,0)&(K103>0|K104>0)) ) => ( !(Ch(0,0)&(K103>0|K104>0))&(!turn(p1)) ))&!(exists(G0:Int)[G0>=0&G0 > 0&(Ch(G0,G0)&(K103>G0|K104>G0))])) ]
2019-10-08 11:48:14,854 -- z3prover.py -- [function:imply][line:46] -- DEBUG: #checking imply:
 f1:(( !Ch(0,0) ) => ( !Ch(0,0)&turn(p1) ))&!(exists(G0:Int)[G0>=0&G0 > 0&Ch(G0,G0)])
 f2:forall(K101:Int,K102:Int)[ Ch(K101,K102)&turn(p2)&K101>=0&K101<xlen()&K102>=0&K102<ylen()=>((( !(Ch(0,0)&(K101>0|K102>0)) ) => ( !(Ch(0,0)&(K101>0|K102>0))&(!turn(p1)) ))&!(exists(G0:_S1)[(!turn(G0))&! (Ch(0,0)&(K101>0|K102>0))])&!((!turn(p2)))) ]
2019-10-08 11:48:17,434 -- z3prover.py -- [function:imply][line:46] -- DEBUG: #checking imply:
 f1:(( !Ch(0,0) ) => ( !Ch(0,0)&turn(p1) ))&!(exists(G0:Int)[G0>=0&xlen() > G0&! Ch(0,G0)])
 f2:exists(K108:Int,K109:Int)[ (Ch(K108,K109)&turn(p1)&K108>=0&K108<xlen()&K109>=0&K109<ylen())&((( !(Ch(0,0)&(K108>0|K109>0)) ) => ( !(Ch(0,0)&(K108>0|K109>0))&(!turn(p1)) ))&!(exists(G0:Int)[G0>=0&G0 > 0&(Ch(G0,G0)&(K108>G0|K109>G0))])&!(exists(G0:Int)[ exists(K110:Int)[ (xlen()=K110)&(G0>=0& K110 > G0&! (Ch(G0,0)&(K108>G0|K109>0)))] ])) ]
2019-10-08 11:48:17,470 -- z3prover.py -- [function:imply][line:46] -- DEBUG: #checking imply:
 f1:(( !Ch(0,0) ) => ( !Ch(0,0)&turn(p1) ))&!(exists(G0:Int)[G0>=0&G0 > 0&Ch(G0,G0)])&!(exists(G0:Int)[G0>=0&xlen() > G0&! Ch(G0,0)])
 f2:forall(K105:Int,K106:Int)[ Ch(K105,K106)&turn(p2)&K105>=0&K105<xlen()&K106>=0&K106<ylen()=>((( !(Ch(0,0)&(K105>0|K106>0)) ) => ( !(Ch(0,0)&(K105>0|K106>0))&(!turn(p1)) ))&!(exists(G0:Int)[ exists(K107:Int)[ (xlen()=K107)&(G0>=0& K107 > G0&! (Ch(0,G0)&(K105>0|K106>G0)))] ])) ]
2019-10-08 11:48:17,502 -- z3prover.py -- [function:imply][line:46] -- DEBUG: #checking imply:
 f1:(( !Ch(0,0) ) => ( !Ch(0,0)&turn(p1) ))&!(exists(G0:Int)[G0>=0&G0 > 0&Ch(G0,G0)])&!(exists(G0:Int)[G0>=0&xlen() > G0&! Ch(G0,0)])
 f2:forall(K105:Int,K106:Int)[ Ch(K105,K106)&turn(p2)&K105>=0&K105<xlen()&K106>=0&K106<ylen()=>((( !(Ch(0,0)&(K105>0|K106>0)) ) => ( !(Ch(0,0)&(K105>0|K106>0))&(!turn(p1)) ))&!(exists(G0:Int)[ exists(K107:Int)[ (xlen()=K107)&(G0>=0& K107 > G0&! (Ch(0,G0)&(K105>0|K106>G0)))] ])) ]
2019-10-08 11:50:14,486 -- z3prover.py -- [function:imply][line:46] -- DEBUG: #checking imply:
 f1:( !Ch(0,0) ) => ( !Ch(0,0)&turn(p1) )
 f2:exists(K21:Int,K22:Int)[ (Ch(K21,K22)&turn(p1)&K21>=0&K21<xlen()&K22>=0&K22<ylen())&(( !(Ch(0,0)&(K21>0|K22>0)) ) => ( !(Ch(0,0)&(K21>0|K22>0))&(!turn(p1)) )) ]
2019-10-08 11:50:14,525 -- z3prover.py -- [function:imply][line:46] -- DEBUG: #checking imply:
 f1:( !Ch(0,0) ) => ( !Ch(0,0)&turn(p1) )
 f2:forall(K19:Int,K20:Int)[ Ch(K19,K20)&turn(p2)&K19>=0&K19<xlen()&K20>=0&K20<ylen()=>(( !(Ch(0,0)&(K19>0|K20>0)) ) => ( !(Ch(0,0)&(K19>0|K20>0))&(!turn(p1)) )) ]
2019-10-08 11:50:14,631 -- z3prover.py -- [function:imply][line:46] -- DEBUG: #checking imply:
 f1:(( !Ch(0,0) ) => ( !Ch(0,0)&turn(p1) ))&!(exists(X0:_S1)[turn(X0)])
 f2:exists(K25:Int,K26:Int)[ (Ch(K25,K26)&turn(p1)&K25>=0&K25<xlen()&K26>=0&K26<ylen())&(( !(Ch(0,0)&(K25>0|K26>0)) ) => ( !(Ch(0,0)&(K25>0|K26>0))&(!turn(p1)) )) ]
2019-10-08 11:50:14,663 -- z3prover.py -- [function:imply][line:46] -- DEBUG: #checking imply:
 f1:( !Ch(0,0) ) => ( !Ch(0,0)&turn(p1) )
 f2:forall(K23:Int,K24:Int)[ Ch(K23,K24)&turn(p2)&K23>=0&K23<xlen()&K24>=0&K24<ylen()=>((( !(Ch(0,0)&(K23>0|K24>0)) ) => ( !(Ch(0,0)&(K23>0|K24>0))&(!turn(p1)) ))&!(exists(X0:_S1)[(!turn(X0))])) ]
2019-10-08 11:50:14,850 -- z3prover.py -- [function:imply][line:46] -- DEBUG: #checking imply:
 f1:(( !Ch(0,0) ) => ( !Ch(0,0)&turn(p1) ))&!(exists(X0:_S1)[turn(X0)])
 f2:exists(K29:Int,K30:Int)[ (Ch(K29,K30)&turn(p1)&K29>=0&K29<xlen()&K30>=0&K30<ylen())&((( !(Ch(0,0)&(K29>0|K30>0)) ) => ( !(Ch(0,0)&(K29>0|K30>0))&(!turn(p1)) ))&!(exists(X1:Int)[X1>=0&(Ch(0,X1)&(K29>0|K30>X1))])) ]
2019-10-08 11:50:14,883 -- z3prover.py -- [function:imply][line:46] -- DEBUG: #checking imply:
 f1:(( !Ch(0,0) ) => ( !Ch(0,0)&turn(p1) ))&!(exists(X1:Int)[X1>=0&Ch(0,X1)])
 f2:forall(K27:Int,K28:Int)[ Ch(K27,K28)&turn(p2)&K27>=0&K27<xlen()&K28>=0&K28<ylen()=>((( !(Ch(0,0)&(K27>0|K28>0)) ) => ( !(Ch(0,0)&(K27>0|K28>0))&(!turn(p1)) ))&!(exists(X0:_S1)[(!turn(X0))])) ]
2019-10-08 11:50:14,906 -- z3prover.py -- [function:imply][line:46] -- DEBUG: #checking imply:
 f1:forall(K16:Int,K17:Int)[K16>=0&K16<xlen()&K17>=0&K17<ylen()=>Ch(K16,K17)]&turn(p1)&!turn(p2)
 f2:(( !Ch(0,0) ) => ( !Ch(0,0)&turn(p1) ))&!(exists(X0:_S1)[turn(X0)])
2019-10-08 11:50:15,708 -- z3prover.py -- [function:imply][line:46] -- DEBUG: #checking imply:
 f1:(( !Ch(0,0) ) => ( !Ch(0,0)&turn(p1) ))&!(exists(G0:Int)[G0>=0&G0 = 0&! Ch(0,G0)])
 f2:exists(K33:Int,K34:Int)[ (Ch(K33,K34)&turn(p1)&K33>=0&K33<xlen()&K34>=0&K34<ylen())&((( !(Ch(0,0)&(K33>0|K34>0)) ) => ( !(Ch(0,0)&(K33>0|K34>0))&(!turn(p1)) ))&!(exists(G0:Int)[G0>=0&G0 > 0&(Ch(G0,G0)&(K33>G0|K34>G0))])) ]
2019-10-08 11:50:15,740 -- z3prover.py -- [function:imply][line:46] -- DEBUG: #checking imply:
 f1:(( !Ch(0,0) ) => ( !Ch(0,0)&turn(p1) ))&!(exists(G0:Int)[G0>=0&G0 > 0&Ch(G0,G0)])
 f2:forall(K31:Int,K32:Int)[ Ch(K31,K32)&turn(p2)&K31>=0&K31<xlen()&K32>=0&K32<ylen()=>((( !(Ch(0,0)&(K31>0|K32>0)) ) => ( !(Ch(0,0)&(K31>0|K32>0))&(!turn(p1)) ))&!(exists(G0:Int)[G0>=0&G0 = 0&! (Ch(0,G0)&(K31>0|K32>G0))])) ]
2019-10-08 11:50:16,510 -- z3prover.py -- [function:imply][line:46] -- DEBUG: #checking imply:
 f1:(( !Ch(0,0) ) => ( !Ch(0,0)&turn(p1) ))&!(exists(G0:Int)[G0>=0&G0 = 0&! Ch(0,G0)])&!(turn(p2))
 f2:exists(K37:Int,K38:Int)[ (Ch(K37,K38)&turn(p1)&K37>=0&K37<xlen()&K38>=0&K38<ylen())&((( !(Ch(0,0)&(K37>0|K38>0)) ) => ( !(Ch(0,0)&(K37>0|K38>0))&(!turn(p1)) ))&!(exists(G0:Int)[ exists(K39:Int)[ (xlen()=K39)&(G0>=0& K39 > G0&! (Ch(0,G0)&(K37>0|K38>G0)))] ])) ]
2019-10-08 11:50:16,553 -- z3prover.py -- [function:imply][line:46] -- DEBUG: #checking imply:
 f1:(( !Ch(0,0) ) => ( !Ch(0,0)&turn(p1) ))&!(exists(G0:Int)[G0>=0&G0 = 0&! Ch(0,G0)])&!(turn(p2))
 f2:exists(K37:Int,K38:Int)[ (Ch(K37,K38)&turn(p1)&K37>=0&K37<xlen()&K38>=0&K38<ylen())&((( !(Ch(0,0)&(K37>0|K38>0)) ) => ( !(Ch(0,0)&(K37>0|K38>0))&(!turn(p1)) ))&!(exists(G0:Int)[ exists(K39:Int)[ (xlen()=K39)&(G0>=0& K39 > G0&! (Ch(0,G0)&(K37>0|K38>G0)))] ])) ]
2019-10-08 11:50:16,580 -- z3prover.py -- [function:imply][line:46] -- DEBUG: #checking imply:
 f1:(( !Ch(0,0) ) => ( !Ch(0,0)&turn(p1) ))&!(exists(G0:Int)[G0>=0&xlen() > G0&! Ch(0,G0)])
 f2:forall(K35:Int,K36:Int)[ Ch(K35,K36)&turn(p2)&K35>=0&K35<xlen()&K36>=0&K36<ylen()=>((( !(Ch(0,0)&(K35>0|K36>0)) ) => ( !(Ch(0,0)&(K35>0|K36>0))&(!turn(p1)) ))&!(exists(G0:Int)[G0>=0&G0 = 0&! (Ch(0,G0)&(K35>0|K36>G0))])&!((!turn(p2)))) ]
2019-10-08 11:50:20,479 -- z3prover.py -- [function:imply][line:46] -- DEBUG: #checking imply:
 f1:(( !Ch(0,0) ) => ( !Ch(0,0)&turn(p1) ))&!(exists(G0:Int)[G0>=0&xlen() > G0&! Ch(0,G0)])
 f2:exists(K43:Int,K44:Int)[ (Ch(K43,K44)&turn(p1)&K43>=0&K43<xlen()&K44>=0&K44<ylen())&((( !(Ch(0,0)&(K43>0|K44>0)) ) => ( !(Ch(0,0)&(K43>0|K44>0))&(!turn(p1)) ))&!(exists(G0:Int)[ exists(K45:Int)[ (xlen()=K45)&(G0>=0& K45 > G0&! (Ch(0,G0)&(K43>0|K44>G0)))] ])&!(exists(G0:Int)[G0>=0&G0 > 0&(Ch(G0,G0)&(K43>G0|K44>G0))])) ]
2019-10-08 11:50:20,518 -- z3prover.py -- [function:imply][line:46] -- DEBUG: #checking imply:
 f1:(( !Ch(0,0) ) => ( !Ch(0,0)&turn(p1) ))&!(exists(G0:Int)[G0>=0&xlen() > G0&! Ch(0,G0)])&!(exists(G0:Int)[G0>=0&G0 > 0&Ch(G0,G0)])
 f2:forall(K40:Int,K41:Int)[ Ch(K40,K41)&turn(p2)&K40>=0&K40<xlen()&K41>=0&K41<ylen()=>((( !(Ch(0,0)&(K40>0|K41>0)) ) => ( !(Ch(0,0)&(K40>0|K41>0))&(!turn(p1)) ))&!(exists(G0:Int)[ exists(K42:Int)[ (xlen()=K42)&(G0>=0& K42 > G0&! (Ch(0,G0)&(K40>0|K41>G0)))] ])) ]
2019-10-08 11:50:20,548 -- z3prover.py -- [function:imply][line:46] -- DEBUG: #checking imply:
 f1:(( !Ch(0,0) ) => ( !Ch(0,0)&turn(p1) ))&!(exists(G0:Int)[G0>=0&xlen() > G0&! Ch(0,G0)])&!(exists(G0:Int)[G0>=0&G0 > 0&Ch(G0,G0)])
 f2:forall(K40:Int,K41:Int)[ Ch(K40,K41)&turn(p2)&K40>=0&K40<xlen()&K41>=0&K41<ylen()=>((( !(Ch(0,0)&(K40>0|K41>0)) ) => ( !(Ch(0,0)&(K40>0|K41>0))&(!turn(p1)) ))&!(exists(G0:Int)[ exists(K42:Int)[ (xlen()=K42)&(G0>=0& K42 > G0&! (Ch(0,G0)&(K40>0|K41>G0)))] ])) ]
2019-10-08 11:50:29,289 -- z3prover.py -- [function:imply][line:46] -- DEBUG: #checking imply:
 f1:(( !Ch(0,0) ) => ( !Ch(0,0)&turn(p1) ))&!(exists(G0:Int)[G0>=0&xlen() > G0&! Ch(0,G0)])&!(turn(p2))
 f2:exists(K49:Int,K50:Int)[ (Ch(K49,K50)&turn(p1)&K49>=0&K49<xlen()&K50>=0&K50<ylen())&((( !(Ch(0,0)&(K49>0|K50>0)) ) => ( !(Ch(0,0)&(K49>0|K50>0))&(!turn(p1)) ))&!(exists(G0:Int)[G0>=0&G0 > 0&(Ch(G0,G0)&(K49>G0|K50>G0))])&!(exists(G0:Int)[ exists(K51:Int)[ (xlen()=K51)&(G0>=0& K51 > G0&! (Ch(G0,0)&(K49>G0|K50>0)))] ])) ]
2019-10-08 11:50:29,340 -- z3prover.py -- [function:imply][line:46] -- DEBUG: #checking imply:
 f1:(( !Ch(0,0) ) => ( !Ch(0,0)&turn(p1) ))&!(exists(G0:Int)[G0>=0&G0 > 0&Ch(G0,G0)])&!(exists(G0:Int)[G0>=0&xlen() > G0&! Ch(G0,0)])
 f2:forall(K46:Int,K47:Int)[ Ch(K46,K47)&turn(p2)&K46>=0&K46<xlen()&K47>=0&K47<ylen()=>((( !(Ch(0,0)&(K46>0|K47>0)) ) => ( !(Ch(0,0)&(K46>0|K47>0))&(!turn(p1)) ))&!(exists(G0:Int)[ exists(K48:Int)[ (xlen()=K48)&(G0>=0& K48 > G0&! (Ch(0,G0)&(K46>0|K47>G0)))] ])&!((!turn(p2)))) ]
2019-10-08 11:50:29,374 -- z3prover.py -- [function:imply][line:46] -- DEBUG: #checking imply:
 f1:(( !Ch(0,0) ) => ( !Ch(0,0)&turn(p1) ))&!(exists(G0:Int)[G0>=0&G0 > 0&Ch(G0,G0)])&!(exists(G0:Int)[G0>=0&xlen() > G0&! Ch(G0,0)])
 f2:forall(K46:Int,K47:Int)[ Ch(K46,K47)&turn(p2)&K46>=0&K46<xlen()&K47>=0&K47<ylen()=>((( !(Ch(0,0)&(K46>0|K47>0)) ) => ( !(Ch(0,0)&(K46>0|K47>0))&(!turn(p1)) ))&!(exists(G0:Int)[ exists(K48:Int)[ (xlen()=K48)&(G0>=0& K48 > G0&! (Ch(0,G0)&(K46>0|K47>G0)))] ])&!((!turn(p2)))) ]
2019-10-08 11:50:32,667 -- z3prover.py -- [function:imply][line:46] -- DEBUG: #checking imply:
 f1:(( !Ch(0,0) ) => ( !Ch(0,0)&turn(p1) ))&!(exists(G0:Int)[G0>=0&xlen() > G0&! Ch(G0,0)])
 f2:exists(K55:Int,K56:Int)[ (Ch(K55,K56)&turn(p1)&K55>=0&K55<xlen()&K56>=0&K56<ylen())&((( !(Ch(0,0)&(K55>0|K56>0)) ) => ( !(Ch(0,0)&(K55>0|K56>0))&(!turn(p1)) ))&!(exists(G0:Int)[G0>=0&G0 > 0&(Ch(G0,G0)&(K55>G0|K56>G0))])&!(exists(G0:Int)[ exists(K57:Int)[ (xlen()=K57)&(G0>=0& K57 > G0&! (Ch(G0,0)&(K55>G0|K56>0)))] ])&!(exists(G0:Int)[G0>=0&(Ch(G0,0)&(K55>G0|K56>0))&! (Ch(0,G0)&(K55>0|K56>G0))])) ]
2019-10-08 11:50:32,704 -- z3prover.py -- [function:imply][line:46] -- DEBUG: #checking imply:
 f1:(( !Ch(0,0) ) => ( !Ch(0,0)&turn(p1) ))&!(exists(G0:Int)[G0>=0&G0 > 0&Ch(G0,G0)])&!(exists(G0:Int)[G0>=0&xlen() > G0&! Ch(G0,0)])&!(exists(G0:Int)[G0>=0&Ch(G0,0)&! Ch(0,G0)])
 f2:forall(K52:Int,K53:Int)[ Ch(K52,K53)&turn(p2)&K52>=0&K52<xlen()&K53>=0&K53<ylen()=>((( !(Ch(0,0)&(K52>0|K53>0)) ) => ( !(Ch(0,0)&(K52>0|K53>0))&(!turn(p1)) ))&!(exists(G0:Int)[ exists(K54:Int)[ (xlen()=K54)&(G0>=0& K54 > G0&! (Ch(G0,0)&(K52>G0|K53>0)))] ])) ]
2019-10-08 11:50:32,739 -- z3prover.py -- [function:imply][line:46] -- DEBUG: #checking imply:
 f1:(( !Ch(0,0) ) => ( !Ch(0,0)&turn(p1) ))&!(exists(G0:Int)[G0>=0&G0 > 0&Ch(G0,G0)])&!(exists(G0:Int)[G0>=0&xlen() > G0&! Ch(G0,0)])&!(exists(G0:Int)[G0>=0&Ch(G0,0)&! Ch(0,G0)])
 f2:forall(K52:Int,K53:Int)[ Ch(K52,K53)&turn(p2)&K52>=0&K52<xlen()&K53>=0&K53<ylen()=>((( !(Ch(0,0)&(K52>0|K53>0)) ) => ( !(Ch(0,0)&(K52>0|K53>0))&(!turn(p1)) ))&!(exists(G0:Int)[ exists(K54:Int)[ (xlen()=K54)&(G0>=0& K54 > G0&! (Ch(G0,0)&(K52>G0|K53>0)))] ])) ]
2019-10-08 11:50:43,044 -- z3prover.py -- [function:imply][line:46] -- DEBUG: #checking imply:
 f1:( !Ch(0,0) ) => ( !Ch(0,0)&turn(p1) )
 f2:exists(K60:Int,K61:Int)[ (Ch(K60,K61)&turn(p1)&K60>=0&K60<xlen()&K61>=0&K61<ylen())&(( !(Ch(0,0)&(K60>0|K61>0)) ) => ( !(Ch(0,0)&(K60>0|K61>0))&(!turn(p1)) )) ]
2019-10-08 11:50:43,073 -- z3prover.py -- [function:imply][line:46] -- DEBUG: #checking imply:
 f1:( !Ch(0,0) ) => ( !Ch(0,0)&turn(p1) )
 f2:forall(K58:Int,K59:Int)[ Ch(K58,K59)&turn(p2)&K58>=0&K58<xlen()&K59>=0&K59<ylen()=>(( !(Ch(0,0)&(K58>0|K59>0)) ) => ( !(Ch(0,0)&(K58>0|K59>0))&(!turn(p1)) )) ]
2019-10-08 11:50:43,164 -- z3prover.py -- [function:imply][line:46] -- DEBUG: #checking imply:
 f1:(( !Ch(0,0) ) => ( !Ch(0,0)&turn(p1) ))&!(exists(X0:_S1)[turn(X0)])
 f2:exists(K64:Int,K65:Int)[ (Ch(K64,K65)&turn(p1)&K64>=0&K64<xlen()&K65>=0&K65<ylen())&(( !(Ch(0,0)&(K64>0|K65>0)) ) => ( !(Ch(0,0)&(K64>0|K65>0))&(!turn(p1)) )) ]
2019-10-08 11:50:43,191 -- z3prover.py -- [function:imply][line:46] -- DEBUG: #checking imply:
 f1:( !Ch(0,0) ) => ( !Ch(0,0)&turn(p1) )
 f2:forall(K62:Int,K63:Int)[ Ch(K62,K63)&turn(p2)&K62>=0&K62<xlen()&K63>=0&K63<ylen()=>((( !(Ch(0,0)&(K62>0|K63>0)) ) => ( !(Ch(0,0)&(K62>0|K63>0))&(!turn(p1)) ))&!(exists(X0:_S1)[(!turn(X0))])) ]
2019-10-08 11:50:43,352 -- z3prover.py -- [function:imply][line:46] -- DEBUG: #checking imply:
 f1:(( !Ch(0,0) ) => ( !Ch(0,0)&turn(p1) ))&!(exists(X0:_S1)[turn(X0)])
 f2:exists(K68:Int,K69:Int)[ (Ch(K68,K69)&turn(p1)&K68>=0&K68<xlen()&K69>=0&K69<ylen())&((( !(Ch(0,0)&(K68>0|K69>0)) ) => ( !(Ch(0,0)&(K68>0|K69>0))&(!turn(p1)) ))&!(exists(X1:Int)[X1>=0&(Ch(0,X1)&(K68>0|K69>X1))])) ]
2019-10-08 11:50:43,377 -- z3prover.py -- [function:imply][line:46] -- DEBUG: #checking imply:
 f1:(( !Ch(0,0) ) => ( !Ch(0,0)&turn(p1) ))&!(exists(X1:Int)[X1>=0&Ch(0,X1)])
 f2:forall(K66:Int,K67:Int)[ Ch(K66,K67)&turn(p2)&K66>=0&K66<xlen()&K67>=0&K67<ylen()=>((( !(Ch(0,0)&(K66>0|K67>0)) ) => ( !(Ch(0,0)&(K66>0|K67>0))&(!turn(p1)) ))&!(exists(X0:_S1)[(!turn(X0))])) ]
2019-10-08 11:50:43,396 -- z3prover.py -- [function:imply][line:46] -- DEBUG: #checking imply:
 f1:forall(K16:Int,K17:Int)[K16>=0&K16<xlen()&K17>=0&K17<ylen()=>Ch(K16,K17)]&turn(p1)&!turn(p2)
 f2:(( !Ch(0,0) ) => ( !Ch(0,0)&turn(p1) ))&!(exists(X0:_S1)[turn(X0)])
2019-10-08 11:50:44,137 -- z3prover.py -- [function:imply][line:46] -- DEBUG: #checking imply:
 f1:(( !Ch(0,0) ) => ( !Ch(0,0)&turn(p1) ))&!(exists(G0:Int)[G0>=0&! G0 > 0&! Ch(G0,G0)])
 f2:exists(K72:Int,K73:Int)[ (Ch(K72,K73)&turn(p1)&K72>=0&K72<xlen()&K73>=0&K73<ylen())&((( !(Ch(0,0)&(K72>0|K73>0)) ) => ( !(Ch(0,0)&(K72>0|K73>0))&(!turn(p1)) ))&!(exists(G0:Int)[G0>=0&! G0 = 0&(Ch(G0,G0)&(K72>G0|K73>G0))])) ]
2019-10-08 11:50:44,185 -- z3prover.py -- [function:imply][line:46] -- DEBUG: #checking imply:
 f1:(( !Ch(0,0) ) => ( !Ch(0,0)&turn(p1) ))&!(exists(G0:Int)[G0>=0&! G0 = 0&Ch(G0,G0)])
 f2:forall(K70:Int,K71:Int)[ Ch(K70,K71)&turn(p2)&K70>=0&K70<xlen()&K71>=0&K71<ylen()=>((( !(Ch(0,0)&(K70>0|K71>0)) ) => ( !(Ch(0,0)&(K70>0|K71>0))&(!turn(p1)) ))&!(exists(G0:Int)[G0>=0&! G0 > 0&! (Ch(G0,G0)&(K70>G0|K71>G0))])) ]
2019-10-08 11:50:45,147 -- z3prover.py -- [function:imply][line:46] -- DEBUG: #checking imply:
 f1:(( !Ch(0,0) ) => ( !Ch(0,0)&turn(p1) ))&!(exists(G0:Int)[G0>=0&! G0 > 0&! Ch(G0,G0)])&!(! turn(p1))
 f2:exists(K76:Int,K77:Int)[ (Ch(K76,K77)&turn(p1)&K76>=0&K76<xlen()&K77>=0&K77<ylen())&((( !(Ch(0,0)&(K76>0|K77>0)) ) => ( !(Ch(0,0)&(K76>0|K77>0))&(!turn(p1)) ))&!(exists(G0:Int)[ exists(K78:Int)[ (ylen()=K78)&(G0>=0& K78 > G0&! (Ch(0,G0)&(K76>0|K77>G0)))] ])) ]
2019-10-08 11:50:45,183 -- z3prover.py -- [function:imply][line:46] -- DEBUG: #checking imply:
 f1:(( !Ch(0,0) ) => ( !Ch(0,0)&turn(p1) ))&!(exists(G0:Int)[G0>=0&ylen() > G0&! Ch(0,G0)])
 f2:forall(K74:Int,K75:Int)[ Ch(K74,K75)&turn(p2)&K74>=0&K74<xlen()&K75>=0&K75<ylen()=>((( !(Ch(0,0)&(K74>0|K75>0)) ) => ( !(Ch(0,0)&(K74>0|K75>0))&(!turn(p1)) ))&!(exists(G0:Int)[G0>=0&! G0 > 0&! (Ch(G0,G0)&(K74>G0|K75>G0))])&!(! (!turn(p1)))) ]
2019-10-08 11:50:47,974 -- z3prover.py -- [function:imply][line:46] -- DEBUG: #checking imply:
 f1:(( !Ch(0,0) ) => ( !Ch(0,0)&turn(p1) ))&!(exists(G0:Int)[G0>=0&ylen() > G0&! Ch(G0,G0)])
 f2:exists(K82:Int,K83:Int)[ (Ch(K82,K83)&turn(p1)&K82>=0&K82<xlen()&K83>=0&K83<ylen())&((( !(Ch(0,0)&(K82>0|K83>0)) ) => ( !(Ch(0,0)&(K82>0|K83>0))&(!turn(p1)) ))&!(exists(G0:Int)[ exists(K84:Int)[ (ylen()=K84)&(G0>=0& K84 > G0&! (Ch(0,G0)&(K82>0|K83>G0)))] ])&!(exists(G0:Int)[G0>=0&! G0 = 0&(Ch(G0,G0)&(K82>G0|K83>G0))])) ]
2019-10-08 11:50:48,016 -- z3prover.py -- [function:imply][line:46] -- DEBUG: #checking imply:
 f1:(( !Ch(0,0) ) => ( !Ch(0,0)&turn(p1) ))&!(exists(G0:Int)[G0>=0&ylen() > G0&! Ch(0,G0)])&!(exists(G0:Int)[G0>=0&! G0 = 0&Ch(G0,G0)])
 f2:forall(K79:Int,K80:Int)[ Ch(K79,K80)&turn(p2)&K79>=0&K79<xlen()&K80>=0&K80<ylen()=>((( !(Ch(0,0)&(K79>0|K80>0)) ) => ( !(Ch(0,0)&(K79>0|K80>0))&(!turn(p1)) ))&!(exists(G0:Int)[ exists(K81:Int)[ (ylen()=K81)&(G0>=0& K81 > G0&! (Ch(G0,G0)&(K79>G0|K80>G0)))] ])) ]
2019-10-08 11:50:48,048 -- z3prover.py -- [function:imply][line:46] -- DEBUG: #checking imply:
 f1:(( !Ch(0,0) ) => ( !Ch(0,0)&turn(p1) ))&!(exists(G0:Int)[G0>=0&ylen() > G0&! Ch(0,G0)])&!(exists(G0:Int)[G0>=0&! G0 = 0&Ch(G0,G0)])
 f2:forall(K79:Int,K80:Int)[ Ch(K79,K80)&turn(p2)&K79>=0&K79<xlen()&K80>=0&K80<ylen()=>((( !(Ch(0,0)&(K79>0|K80>0)) ) => ( !(Ch(0,0)&(K79>0|K80>0))&(!turn(p1)) ))&!(exists(G0:Int)[ exists(K81:Int)[ (ylen()=K81)&(G0>=0& K81 > G0&! (Ch(G0,G0)&(K79>G0|K80>G0)))] ])) ]
2019-10-08 11:50:50,984 -- z3prover.py -- [function:imply][line:46] -- DEBUG: #checking imply:
 f1:( !Ch(0,0) ) => ( !Ch(0,0)&turn(p1) )
 f2:exists(K87:Int,K88:Int)[ (Ch(K87,K88)&turn(p1)&K87>=0&K87<xlen()&K88>=0&K88<ylen())&(( !(Ch(0,0)&(K87>0|K88>0)) ) => ( !(Ch(0,0)&(K87>0|K88>0))&(!turn(p1)) )) ]
2019-10-08 11:50:51,018 -- z3prover.py -- [function:imply][line:46] -- DEBUG: #checking imply:
 f1:( !Ch(0,0) ) => ( !Ch(0,0)&turn(p1) )
 f2:forall(K85:Int,K86:Int)[ Ch(K85,K86)&turn(p2)&K85>=0&K85<xlen()&K86>=0&K86<ylen()=>(( !(Ch(0,0)&(K85>0|K86>0)) ) => ( !(Ch(0,0)&(K85>0|K86>0))&(!turn(p1)) )) ]
2019-10-08 11:50:51,108 -- z3prover.py -- [function:imply][line:46] -- DEBUG: #checking imply:
 f1:(( !Ch(0,0) ) => ( !Ch(0,0)&turn(p1) ))&!(exists(X0:_S1)[turn(X0)])
 f2:exists(K91:Int,K92:Int)[ (Ch(K91,K92)&turn(p1)&K91>=0&K91<xlen()&K92>=0&K92<ylen())&(( !(Ch(0,0)&(K91>0|K92>0)) ) => ( !(Ch(0,0)&(K91>0|K92>0))&(!turn(p1)) )) ]
2019-10-08 11:50:51,134 -- z3prover.py -- [function:imply][line:46] -- DEBUG: #checking imply:
 f1:( !Ch(0,0) ) => ( !Ch(0,0)&turn(p1) )
 f2:forall(K89:Int,K90:Int)[ Ch(K89,K90)&turn(p2)&K89>=0&K89<xlen()&K90>=0&K90<ylen()=>((( !(Ch(0,0)&(K89>0|K90>0)) ) => ( !(Ch(0,0)&(K89>0|K90>0))&(!turn(p1)) ))&!(exists(X0:_S1)[(!turn(X0))])) ]
2019-10-08 11:50:51,300 -- z3prover.py -- [function:imply][line:46] -- DEBUG: #checking imply:
 f1:(( !Ch(0,0) ) => ( !Ch(0,0)&turn(p1) ))&!(exists(X0:_S1)[turn(X0)])
 f2:exists(K95:Int,K96:Int)[ (Ch(K95,K96)&turn(p1)&K95>=0&K95<xlen()&K96>=0&K96<ylen())&((( !(Ch(0,0)&(K95>0|K96>0)) ) => ( !(Ch(0,0)&(K95>0|K96>0))&(!turn(p1)) ))&!(exists(X1:Int)[X1>=0&(Ch(0,X1)&(K95>0|K96>X1))])) ]
2019-10-08 11:50:51,324 -- z3prover.py -- [function:imply][line:46] -- DEBUG: #checking imply:
 f1:(( !Ch(0,0) ) => ( !Ch(0,0)&turn(p1) ))&!(exists(X1:Int)[X1>=0&Ch(0,X1)])
 f2:forall(K93:Int,K94:Int)[ Ch(K93,K94)&turn(p2)&K93>=0&K93<xlen()&K94>=0&K94<ylen()=>((( !(Ch(0,0)&(K93>0|K94>0)) ) => ( !(Ch(0,0)&(K93>0|K94>0))&(!turn(p1)) ))&!(exists(X0:_S1)[(!turn(X0))])) ]
2019-10-08 11:50:51,346 -- z3prover.py -- [function:imply][line:46] -- DEBUG: #checking imply:
 f1:forall(K16:Int,K17:Int)[K16>=0&K16<xlen()&K17>=0&K17<ylen()=>Ch(K16,K17)]&turn(p1)&!turn(p2)
 f2:(( !Ch(0,0) ) => ( !Ch(0,0)&turn(p1) ))&!(exists(X0:_S1)[turn(X0)])
2019-10-08 11:50:52,055 -- z3prover.py -- [function:imply][line:46] -- DEBUG: #checking imply:
 f1:(( !Ch(0,0) ) => ( !Ch(0,0)&turn(p1) ))&!(exists(G0:_S1)[turn(G0)&! Ch(0,0)])
 f2:exists(K99:Int,K100:Int)[ (Ch(K99,K100)&turn(p1)&K99>=0&K99<xlen()&K100>=0&K100<ylen())&((( !(Ch(0,0)&(K99>0|K100>0)) ) => ( !(Ch(0,0)&(K99>0|K100>0))&(!turn(p1)) ))&!(exists(G0:Int,G1:Int)[G0>=0&G1>=0&(Ch(G0,G1)&(K99>G0|K100>G1))&! (Ch(G1,G0)&(K99>G1|K100>G0))])) ]
2019-10-08 11:50:52,093 -- z3prover.py -- [function:imply][line:46] -- DEBUG: #checking imply:
 f1:(( !Ch(0,0) ) => ( !Ch(0,0)&turn(p1) ))&!(exists(G0:Int,G1:Int)[G0>=0&G1>=0&Ch(G0,G1)&! Ch(G1,G0)])
 f2:forall(K97:Int,K98:Int)[ Ch(K97,K98)&turn(p2)&K97>=0&K97<xlen()&K98>=0&K98<ylen()=>((( !(Ch(0,0)&(K97>0|K98>0)) ) => ( !(Ch(0,0)&(K97>0|K98>0))&(!turn(p1)) ))&!(exists(G0:_S1)[(!turn(G0))&! (Ch(0,0)&(K97>0|K98>0))])) ]
2019-10-08 11:50:53,315 -- z3prover.py -- [function:imply][line:46] -- DEBUG: #checking imply:
 f1:(( !Ch(0,0) ) => ( !Ch(0,0)&turn(p1) ))&!(exists(G0:_S1)[turn(G0)&! Ch(0,0)])&!(turn(p2))
 f2:exists(K103:Int,K104:Int)[ (Ch(K103,K104)&turn(p1)&K103>=0&K103<xlen()&K104>=0&K104<ylen())&((( !(Ch(0,0)&(K103>0|K104>0)) ) => ( !(Ch(0,0)&(K103>0|K104>0))&(!turn(p1)) ))&!(exists(G0:Int)[G0>=0&G0 > 0&(Ch(G0,G0)&(K103>G0|K104>G0))])) ]
2019-10-08 11:50:53,347 -- z3prover.py -- [function:imply][line:46] -- DEBUG: #checking imply:
 f1:(( !Ch(0,0) ) => ( !Ch(0,0)&turn(p1) ))&!(exists(G0:Int)[G0>=0&G0 > 0&Ch(G0,G0)])
 f2:forall(K101:Int,K102:Int)[ Ch(K101,K102)&turn(p2)&K101>=0&K101<xlen()&K102>=0&K102<ylen()=>((( !(Ch(0,0)&(K101>0|K102>0)) ) => ( !(Ch(0,0)&(K101>0|K102>0))&(!turn(p1)) ))&!(exists(G0:_S1)[(!turn(G0))&! (Ch(0,0)&(K101>0|K102>0))])&!((!turn(p2)))) ]
2019-10-08 11:50:55,926 -- z3prover.py -- [function:imply][line:46] -- DEBUG: #checking imply:
 f1:(( !Ch(0,0) ) => ( !Ch(0,0)&turn(p1) ))&!(exists(G0:Int)[G0>=0&xlen() > G0&! Ch(0,G0)])
 f2:exists(K108:Int,K109:Int)[ (Ch(K108,K109)&turn(p1)&K108>=0&K108<xlen()&K109>=0&K109<ylen())&((( !(Ch(0,0)&(K108>0|K109>0)) ) => ( !(Ch(0,0)&(K108>0|K109>0))&(!turn(p1)) ))&!(exists(G0:Int)[G0>=0&G0 > 0&(Ch(G0,G0)&(K108>G0|K109>G0))])&!(exists(G0:Int)[ exists(K110:Int)[ (xlen()=K110)&(G0>=0& K110 > G0&! (Ch(G0,0)&(K108>G0|K109>0)))] ])) ]
2019-10-08 11:50:55,965 -- z3prover.py -- [function:imply][line:46] -- DEBUG: #checking imply:
 f1:(( !Ch(0,0) ) => ( !Ch(0,0)&turn(p1) ))&!(exists(G0:Int)[G0>=0&G0 > 0&Ch(G0,G0)])&!(exists(G0:Int)[G0>=0&xlen() > G0&! Ch(G0,0)])
 f2:forall(K105:Int,K106:Int)[ Ch(K105,K106)&turn(p2)&K105>=0&K105<xlen()&K106>=0&K106<ylen()=>((( !(Ch(0,0)&(K105>0|K106>0)) ) => ( !(Ch(0,0)&(K105>0|K106>0))&(!turn(p1)) ))&!(exists(G0:Int)[ exists(K107:Int)[ (xlen()=K107)&(G0>=0& K107 > G0&! (Ch(0,G0)&(K105>0|K106>G0)))] ])) ]
2019-10-08 11:50:55,999 -- z3prover.py -- [function:imply][line:46] -- DEBUG: #checking imply:
 f1:(( !Ch(0,0) ) => ( !Ch(0,0)&turn(p1) ))&!(exists(G0:Int)[G0>=0&G0 > 0&Ch(G0,G0)])&!(exists(G0:Int)[G0>=0&xlen() > G0&! Ch(G0,0)])
 f2:forall(K105:Int,K106:Int)[ Ch(K105,K106)&turn(p2)&K105>=0&K105<xlen()&K106>=0&K106<ylen()=>((( !(Ch(0,0)&(K105>0|K106>0)) ) => ( !(Ch(0,0)&(K105>0|K106>0))&(!turn(p1)) ))&!(exists(G0:Int)[ exists(K107:Int)[ (xlen()=K107)&(G0>=0& K107 > G0&! (Ch(0,G0)&(K105>0|K106>G0)))] ])) ]
2019-10-08 11:50:59,207 -- z3prover.py -- [function:imply][line:46] -- DEBUG: #checking imply:
 f1:(( !Ch(0,0) ) => ( !Ch(0,0)&turn(p1) ))&!(exists(G0:Int)[G0>=0&xlen() > G0&! Ch(0,G0)])&!(turn(p2))
 f2:exists(K114:Int,K115:Int)[ (Ch(K114,K115)&turn(p1)&K114>=0&K114<xlen()&K115>=0&K115<ylen())&((( !(Ch(0,0)&(K114>0|K115>0)) ) => ( !(Ch(0,0)&(K114>0|K115>0))&(!turn(p1)) ))&!(exists(G0:Int)[G0>=0&G0 > 0&(Ch(G0,G0)&(K114>G0|K115>G0))])&!(exists(G0:Int,G1:Int)[ exists(K116:Int)[ (xlen()=K116)&(G0>=0&G1>=0& K116 > G0&G1 = 0&! (Ch(G1,G0)&(K114>G1|K115>G0)))] ])) ]
2019-10-08 11:51:09,262 -- z3prover.py -- [function:imply][line:46] -- DEBUG: #checking imply:
 f1:(( !Ch(0,0) ) => ( !Ch(0,0)&turn(p1) ))&!(exists(G0:Int)[G0>=0&G0 > 0&Ch(G0,G0)])&!(exists(G0:Int,G1:Int)[G0>=0&G1>=0&xlen() > G0&G1 = 0&! Ch(G1,G0)])
 f2:forall(K111:Int,K112:Int)[ Ch(K111,K112)&turn(p2)&K111>=0&K111<xlen()&K112>=0&K112<ylen()=>((( !(Ch(0,0)&(K111>0|K112>0)) ) => ( !(Ch(0,0)&(K111>0|K112>0))&(!turn(p1)) ))&!(exists(G0:Int)[ exists(K113:Int)[ (xlen()=K113)&(G0>=0& K113 > G0&! (Ch(0,G0)&(K111>0|K112>G0)))] ])&!((!turn(p2)))) ]
2019-10-08 11:51:09,301 -- z3prover.py -- [function:imply][line:46] -- DEBUG: #checking imply:
 f1:(( !Ch(0,0) ) => ( !Ch(0,0)&turn(p1) ))&!(exists(G0:Int)[G0>=0&G0 > 0&Ch(G0,G0)])&!(exists(G0:Int,G1:Int)[G0>=0&G1>=0&xlen() > G0&G1 = 0&! Ch(G1,G0)])
 f2:forall(K111:Int,K112:Int)[ Ch(K111,K112)&turn(p2)&K111>=0&K111<xlen()&K112>=0&K112<ylen()=>((( !(Ch(0,0)&(K111>0|K112>0)) ) => ( !(Ch(0,0)&(K111>0|K112>0))&(!turn(p1)) ))&!(exists(G0:Int)[ exists(K113:Int)[ (xlen()=K113)&(G0>=0& K113 > G0&! (Ch(0,G0)&(K111>0|K112>G0)))] ])&!((!turn(p2)))) ]
2019-10-08 11:51:09,360 -- z3prover.py -- [function:imply][line:46] -- DEBUG: #checking imply:
 f1:(( !Ch(0,0) ) => ( !Ch(0,0)&turn(p1) ))&!(exists(G0:Int)[G0>=0&xlen() > G0&! Ch(0,G0)])&!(! turn(p1))
 f2:exists(K120:Int,K121:Int)[ (Ch(K120,K121)&turn(p1)&K120>=0&K120<xlen()&K121>=0&K121<ylen())&((( !(Ch(0,0)&(K120>0|K121>0)) ) => ( !(Ch(0,0)&(K120>0|K121>0))&(!turn(p1)) ))&!(exists(G0:Int)[G0>=0&G0 > 0&(Ch(G0,G0)&(K120>G0|K121>G0))])&!(exists(G0:Int,G1:Int)[ exists(K122:Int)[ (xlen()=K122)&(G0>=0&G1>=0& K122 > G0&G0 > G1&! (Ch(G1,G0)&(K120>G1|K121>G0)))] ])) ]
2019-10-08 11:51:19,408 -- z3prover.py -- [function:imply][line:46] -- DEBUG: #checking imply:
 f1:(( !Ch(0,0) ) => ( !Ch(0,0)&turn(p1) ))&!(exists(G0:Int)[G0>=0&G0 > 0&Ch(G0,G0)])&!(exists(G0:Int,G1:Int)[G0>=0&G1>=0&xlen() > G0&G0 > G1&! Ch(G1,G0)])
 f2:forall(K117:Int,K118:Int)[ Ch(K117,K118)&turn(p2)&K117>=0&K117<xlen()&K118>=0&K118<ylen()=>((( !(Ch(0,0)&(K117>0|K118>0)) ) => ( !(Ch(0,0)&(K117>0|K118>0))&(!turn(p1)) ))&!(exists(G0:Int)[ exists(K119:Int)[ (xlen()=K119)&(G0>=0& K119 > G0&! (Ch(0,G0)&(K117>0|K118>G0)))] ])&!(! (!turn(p1)))) ]
2019-10-08 11:51:19,829 -- z3prover.py -- [function:imply][line:46] -- DEBUG: #checking imply:
 f1:(( !Ch(0,0) ) => ( !Ch(0,0)&turn(p1) ))&!(exists(G0:Int)[G0>=0&xlen() > G0&! Ch(0,G0)])&!(exists(G0:Int)[G0>=0&Ch(0,G0)&! Ch(G0,0)])
 f2:exists(K126:Int,K127:Int)[ (Ch(K126,K127)&turn(p1)&K126>=0&K126<xlen()&K127>=0&K127<ylen())&((( !(Ch(0,0)&(K126>0|K127>0)) ) => ( !(Ch(0,0)&(K126>0|K127>0))&(!turn(p1)) ))&!(exists(G0:Int)[G0>=0&G0 > 0&(Ch(G0,G0)&(K126>G0|K127>G0))])&!(exists(G0:Int,G1:Int)[ exists(K128:Int)[ (xlen()=K128)&(G0>=0&G1>=0& K128 > G0&! G1 > 0&! (Ch(G1,G0)&(K126>G1|K127>G0)))] ])) ]
2019-10-08 11:51:19,869 -- z3prover.py -- [function:imply][line:46] -- DEBUG: #checking imply:
 f1:(( !Ch(0,0) ) => ( !Ch(0,0)&turn(p1) ))&!(exists(G0:Int)[G0>=0&G0 > 0&Ch(G0,G0)])&!(exists(G0:Int,G1:Int)[G0>=0&G1>=0&xlen() > G0&! G1 > 0&! Ch(G1,G0)])
 f2:forall(K123:Int,K124:Int)[ Ch(K123,K124)&turn(p2)&K123>=0&K123<xlen()&K124>=0&K124<ylen()=>((( !(Ch(0,0)&(K123>0|K124>0)) ) => ( !(Ch(0,0)&(K123>0|K124>0))&(!turn(p1)) ))&!(exists(G0:Int)[ exists(K125:Int)[ (xlen()=K125)&(G0>=0& K125 > G0&! (Ch(0,G0)&(K123>0|K124>G0)))] ])&!(exists(G0:Int)[G0>=0&(Ch(0,G0)&(K123>0|K124>G0))&! (Ch(G0,0)&(K123>G0|K124>0))])) ]
2019-10-08 11:51:19,914 -- z3prover.py -- [function:imply][line:46] -- DEBUG: #checking imply:
 f1:(( !Ch(0,0) ) => ( !Ch(0,0)&turn(p1) ))&!(exists(G0:Int)[G0>=0&G0 > 0&Ch(G0,G0)])&!(exists(G0:Int,G1:Int)[G0>=0&G1>=0&xlen() > G0&! G1 > 0&! Ch(G1,G0)])
 f2:forall(K123:Int,K124:Int)[ Ch(K123,K124)&turn(p2)&K123>=0&K123<xlen()&K124>=0&K124<ylen()=>((( !(Ch(0,0)&(K123>0|K124>0)) ) => ( !(Ch(0,0)&(K123>0|K124>0))&(!turn(p1)) ))&!(exists(G0:Int)[ exists(K125:Int)[ (xlen()=K125)&(G0>=0& K125 > G0&! (Ch(0,G0)&(K123>0|K124>G0)))] ])&!(exists(G0:Int)[G0>=0&(Ch(0,G0)&(K123>0|K124>G0))&! (Ch(G0,0)&(K123>G0|K124>0))])) ]
2019-10-08 11:51:32,926 -- z3prover.py -- [function:imply][line:46] -- DEBUG: #checking imply:
 f1:(( !Ch(0,0) ) => ( !Ch(0,0)&turn(p1) ))&!(exists(G0:Int)[G0>=0&xlen() > G0&! Ch(0,G0)])&!(exists(G0:Int)[G0>=0&Ch(0,G0)&! Ch(G0,0)])&!(turn(p2))
 f2:exists(K132:Int,K133:Int)[ (Ch(K132,K133)&turn(p1)&K132>=0&K132<xlen()&K133>=0&K133<ylen())&((( !(Ch(0,0)&(K132>0|K133>0)) ) => ( !(Ch(0,0)&(K132>0|K133>0))&(!turn(p1)) ))&!(exists(G0:Int)[G0>=0&G0 > 0&(Ch(G0,G0)&(K132>G0|K133>G0))])&!(exists(G0:Int,G1:Int)[ exists(K134:Int)[ (xlen()=K134)&(G0>=0&G1>=0& K134 > G0&! G1 > 0&! (Ch(G1,G0)&(K132>G1|K133>G0)))] ])&!(exists(G0:Int)[G0>=0&(Ch(0,G0)&(K132>0|K133>G0))&! (Ch(G0,0)&(K132>G0|K133>0))])) ]
2019-10-08 11:51:42,991 -- z3prover.py -- [function:imply][line:46] -- DEBUG: #checking imply:
 f1:(( !Ch(0,0) ) => ( !Ch(0,0)&turn(p1) ))&!(exists(G0:Int)[G0>=0&G0 > 0&Ch(G0,G0)])&!(exists(G0:Int,G1:Int)[G0>=0&G1>=0&xlen() > G0&! G1 > 0&! Ch(G1,G0)])&!(exists(G0:Int)[G0>=0&Ch(0,G0)&! Ch(G0,0)])
 f2:forall(K129:Int,K130:Int)[ Ch(K129,K130)&turn(p2)&K129>=0&K129<xlen()&K130>=0&K130<ylen()=>((( !(Ch(0,0)&(K129>0|K130>0)) ) => ( !(Ch(0,0)&(K129>0|K130>0))&(!turn(p1)) ))&!(exists(G0:Int)[ exists(K131:Int)[ (xlen()=K131)&(G0>=0& K131 > G0&! (Ch(0,G0)&(K129>0|K130>G0)))] ])&!(exists(G0:Int)[G0>=0&(Ch(0,G0)&(K129>0|K130>G0))&! (Ch(G0,0)&(K129>G0|K130>0))])&!((!turn(p2)))) ]
2019-10-08 11:51:43,039 -- z3prover.py -- [function:imply][line:46] -- DEBUG: #checking imply:
 f1:(( !Ch(0,0) ) => ( !Ch(0,0)&turn(p1) ))&!(exists(G0:Int)[G0>=0&G0 > 0&Ch(G0,G0)])&!(exists(G0:Int,G1:Int)[G0>=0&G1>=0&xlen() > G0&! G1 > 0&! Ch(G1,G0)])&!(exists(G0:Int)[G0>=0&Ch(0,G0)&! Ch(G0,0)])
 f2:forall(K129:Int,K130:Int)[ Ch(K129,K130)&turn(p2)&K129>=0&K129<xlen()&K130>=0&K130<ylen()=>((( !(Ch(0,0)&(K129>0|K130>0)) ) => ( !(Ch(0,0)&(K129>0|K130>0))&(!turn(p1)) ))&!(exists(G0:Int)[ exists(K131:Int)[ (xlen()=K131)&(G0>=0& K131 > G0&! (Ch(0,G0)&(K129>0|K130>G0)))] ])&!(exists(G0:Int)[G0>=0&(Ch(0,G0)&(K129>0|K130>G0))&! (Ch(G0,0)&(K129>G0|K130>0))])&!((!turn(p2)))) ]
2019-10-08 11:51:43,149 -- z3prover.py -- [function:imply][line:46] -- DEBUG: #checking imply:
 f1:(( !Ch(0,0) ) => ( !Ch(0,0)&turn(p1) ))&!(exists(G0:Int)[G0>=0&xlen() > G0&! Ch(0,G0)])&!(exists(G0:Int)[G0>=0&Ch(0,G0)&! Ch(G0,0)])&!(! turn(p1))
 f2:exists(K138:Int,K139:Int)[ (Ch(K138,K139)&turn(p1)&K138>=0&K138<xlen()&K139>=0&K139<ylen())&((( !(Ch(0,0)&(K138>0|K139>0)) ) => ( !(Ch(0,0)&(K138>0|K139>0))&(!turn(p1)) ))&!(exists(G0:Int)[G0>=0&G0 > 0&(Ch(G0,G0)&(K138>G0|K139>G0))])&!(exists(G0:Int,G1:Int)[ exists(K140:Int)[ (xlen()=K140)&(G0>=0&G1>=0& K140 > G0&! G1 > 0&! (Ch(G1,G0)&(K138>G1|K139>G0)))] ])&!(exists(G0:Int)[G0>=0&! (Ch(G0,0)&(K138>G0|K139>0))&(Ch(0,G0)&(K138>0|K139>G0))])) ]
2019-10-08 11:51:53,209 -- z3prover.py -- [function:imply][line:46] -- DEBUG: #checking imply:
 f1:(( !Ch(0,0) ) => ( !Ch(0,0)&turn(p1) ))&!(exists(G0:Int)[G0>=0&G0 > 0&Ch(G0,G0)])&!(exists(G0:Int,G1:Int)[G0>=0&G1>=0&xlen() > G0&! G1 > 0&! Ch(G1,G0)])&!(exists(G0:Int)[G0>=0&! Ch(G0,0)&Ch(0,G0)])
 f2:forall(K135:Int,K136:Int)[ Ch(K135,K136)&turn(p2)&K135>=0&K135<xlen()&K136>=0&K136<ylen()=>((( !(Ch(0,0)&(K135>0|K136>0)) ) => ( !(Ch(0,0)&(K135>0|K136>0))&(!turn(p1)) ))&!(exists(G0:Int)[ exists(K137:Int)[ (xlen()=K137)&(G0>=0& K137 > G0&! (Ch(0,G0)&(K135>0|K136>G0)))] ])&!(exists(G0:Int)[G0>=0&(Ch(0,G0)&(K135>0|K136>G0))&! (Ch(G0,0)&(K135>G0|K136>0))])&!(! (!turn(p1)))) ]
2019-10-08 11:51:53,261 -- z3prover.py -- [function:imply][line:46] -- DEBUG: #checking imply:
 f1:(( !Ch(0,0) ) => ( !Ch(0,0)&turn(p1) ))&!(exists(G0:Int)[G0>=0&G0 > 0&Ch(G0,G0)])&!(exists(G0:Int,G1:Int)[G0>=0&G1>=0&xlen() > G0&! G1 > 0&! Ch(G1,G0)])&!(exists(G0:Int)[G0>=0&! Ch(G0,0)&Ch(0,G0)])
 f2:forall(K135:Int,K136:Int)[ Ch(K135,K136)&turn(p2)&K135>=0&K135<xlen()&K136>=0&K136<ylen()=>((( !(Ch(0,0)&(K135>0|K136>0)) ) => ( !(Ch(0,0)&(K135>0|K136>0))&(!turn(p1)) ))&!(exists(G0:Int)[ exists(K137:Int)[ (xlen()=K137)&(G0>=0& K137 > G0&! (Ch(0,G0)&(K135>0|K136>G0)))] ])&!(exists(G0:Int)[G0>=0&(Ch(0,G0)&(K135>0|K136>G0))&! (Ch(G0,0)&(K135>G0|K136>0))])&!(! (!turn(p1)))) ]
2019-10-08 11:51:54,817 -- z3prover.py -- [function:imply][line:46] -- DEBUG: #checking imply:
 f1:(( !Ch(0,0) ) => ( !Ch(0,0)&turn(p1) ))&!(exists(G0:Int)[G0>=0&xlen() > G0&! Ch(0,G0)])&!(exists(G0:Int)[G0>=0&Ch(0,G0)&! Ch(G0,G0)])
 f2:exists(K144:Int,K145:Int)[ (Ch(K144,K145)&turn(p1)&K144>=0&K144<xlen()&K145>=0&K145<ylen())&((( !(Ch(0,0)&(K144>0|K145>0)) ) => ( !(Ch(0,0)&(K144>0|K145>0))&(!turn(p1)) ))&!(exists(G0:Int)[G0>=0&G0 > 0&(Ch(G0,G0)&(K144>G0|K145>G0))])&!(exists(G0:Int,G1:Int)[ exists(K146:Int)[ (xlen()=K146)&(G0>=0&G1>=0& K146 > G0&! G1 > 0&! (Ch(G1,G0)&(K144>G1|K145>G0)))] ])&!(exists(G0:Int,G1:Int)[G0>=0&G1>=0&(Ch(G0,G1)&(K144>G0|K145>G1))&! (Ch(G1,G0)&(K144>G1|K145>G0))])) ]
2019-10-08 11:51:54,859 -- z3prover.py -- [function:imply][line:46] -- DEBUG: #checking imply:
 f1:(( !Ch(0,0) ) => ( !Ch(0,0)&turn(p1) ))&!(exists(G0:Int)[G0>=0&G0 > 0&Ch(G0,G0)])&!(exists(G0:Int,G1:Int)[G0>=0&G1>=0&xlen() > G0&! G1 > 0&! Ch(G1,G0)])&!(exists(G0:Int,G1:Int)[G0>=0&G1>=0&Ch(G0,G1)&! Ch(G1,G0)])
 f2:forall(K141:Int,K142:Int)[ Ch(K141,K142)&turn(p2)&K141>=0&K141<xlen()&K142>=0&K142<ylen()=>((( !(Ch(0,0)&(K141>0|K142>0)) ) => ( !(Ch(0,0)&(K141>0|K142>0))&(!turn(p1)) ))&!(exists(G0:Int)[ exists(K143:Int)[ (xlen()=K143)&(G0>=0& K143 > G0&! (Ch(0,G0)&(K141>0|K142>G0)))] ])&!(exists(G0:Int)[G0>=0&(Ch(0,G0)&(K141>0|K142>G0))&! (Ch(G0,G0)&(K141>G0|K142>G0))])) ]
2019-10-08 11:51:54,917 -- z3prover.py -- [function:imply][line:46] -- DEBUG: #checking imply:
 f1:(( !Ch(0,0) ) => ( !Ch(0,0)&turn(p1) ))&!(exists(G0:Int)[G0>=0&G0 > 0&Ch(G0,G0)])&!(exists(G0:Int,G1:Int)[G0>=0&G1>=0&xlen() > G0&! G1 > 0&! Ch(G1,G0)])&!(exists(G0:Int,G1:Int)[G0>=0&G1>=0&Ch(G0,G1)&! Ch(G1,G0)])
 f2:forall(K141:Int,K142:Int)[ Ch(K141,K142)&turn(p2)&K141>=0&K141<xlen()&K142>=0&K142<ylen()=>((( !(Ch(0,0)&(K141>0|K142>0)) ) => ( !(Ch(0,0)&(K141>0|K142>0))&(!turn(p1)) ))&!(exists(G0:Int)[ exists(K143:Int)[ (xlen()=K143)&(G0>=0& K143 > G0&! (Ch(0,G0)&(K141>0|K142>G0)))] ])&!(exists(G0:Int)[G0>=0&(Ch(0,G0)&(K141>0|K142>G0))&! (Ch(G0,G0)&(K141>G0|K142>G0))])) ]
2019-10-08 11:52:04,371 -- z3prover.py -- [function:imply][line:46] -- DEBUG: #checking imply:
 f1:( !Ch(0,0) ) => ( !Ch(0,0)&turn(p1) )
 f2:exists(K149:Int,K150:Int)[ (Ch(K149,K150)&turn(p1)&K149>=0&K149<xlen()&K150>=0&K150<ylen())&(( !(Ch(0,0)&(K149>0|K150>0)) ) => ( !(Ch(0,0)&(K149>0|K150>0))&(!turn(p1)) )) ]
2019-10-08 11:52:04,401 -- z3prover.py -- [function:imply][line:46] -- DEBUG: #checking imply:
 f1:( !Ch(0,0) ) => ( !Ch(0,0)&turn(p1) )
 f2:forall(K147:Int,K148:Int)[ Ch(K147,K148)&turn(p2)&K147>=0&K147<xlen()&K148>=0&K148<ylen()=>(( !(Ch(0,0)&(K147>0|K148>0)) ) => ( !(Ch(0,0)&(K147>0|K148>0))&(!turn(p1)) )) ]
2019-10-08 11:52:04,498 -- z3prover.py -- [function:imply][line:46] -- DEBUG: #checking imply:
 f1:(( !Ch(0,0) ) => ( !Ch(0,0)&turn(p1) ))&!(exists(X1:Int)[X1>=0&xlen() = X1])
 f2:exists(K153:Int,K154:Int)[ (Ch(K153,K154)&turn(p1)&K153>=0&K153<xlen()&K154>=0&K154<ylen())&(( !(Ch(0,0)&(K153>0|K154>0)) ) => ( !(Ch(0,0)&(K153>0|K154>0))&(!turn(p1)) )) ]
2019-10-08 11:52:04,527 -- z3prover.py -- [function:imply][line:46] -- DEBUG: #checking imply:
 f1:( !Ch(0,0) ) => ( !Ch(0,0)&turn(p1) )
 f2:forall(K151:Int,K152:Int)[ Ch(K151,K152)&turn(p2)&K151>=0&K151<xlen()&K152>=0&K152<ylen()=>((( !(Ch(0,0)&(K151>0|K152>0)) ) => ( !(Ch(0,0)&(K151>0|K152>0))&(!turn(p1)) ))&!(exists(X1:Int)[X1>=0&(xlen()=X1)])) ]
2019-10-08 11:52:04,687 -- z3prover.py -- [function:imply][line:46] -- DEBUG: #checking imply:
 f1:(( !Ch(0,0) ) => ( !Ch(0,0)&turn(p1) ))&!(exists(X1:Int)[X1>=0&xlen() = X1])
 f2:exists(K157:Int,K158:Int)[ (Ch(K157,K158)&turn(p1)&K157>=0&K157<xlen()&K158>=0&K158<ylen())&((( !(Ch(0,0)&(K157>0|K158>0)) ) => ( !(Ch(0,0)&(K157>0|K158>0))&(!turn(p1)) ))&!(exists(X0:_S1)[(!turn(X0))])) ]
2019-10-08 11:52:04,712 -- z3prover.py -- [function:imply][line:46] -- DEBUG: #checking imply:
 f1:(( !Ch(0,0) ) => ( !Ch(0,0)&turn(p1) ))&!(exists(X0:_S1)[turn(X0)])
 f2:forall(K155:Int,K156:Int)[ Ch(K155,K156)&turn(p2)&K155>=0&K155<xlen()&K156>=0&K156<ylen()=>((( !(Ch(0,0)&(K155>0|K156>0)) ) => ( !(Ch(0,0)&(K155>0|K156>0))&(!turn(p1)) ))&!(exists(X1:Int)[X1>=0&(xlen()=X1)])) ]
2019-10-08 11:52:04,732 -- z3prover.py -- [function:imply][line:46] -- DEBUG: #checking imply:
 f1:forall(K16:Int,K17:Int)[K16>=0&K16<xlen()&K17>=0&K17<ylen()=>Ch(K16,K17)]&turn(p1)&!turn(p2)
 f2:(( !Ch(0,0) ) => ( !Ch(0,0)&turn(p1) ))&!(exists(X1:Int)[X1>=0&xlen() = X1])
2019-10-08 11:52:05,442 -- z3prover.py -- [function:imply][line:46] -- DEBUG: #checking imply:
 f1:(( !Ch(0,0) ) => ( !Ch(0,0)&turn(p1) ))&!(exists(G0:Int)[G0>=0&xlen() = G0&! Ch(0,0)])
 f2:exists(K161:Int,K162:Int)[ (Ch(K161,K162)&turn(p1)&K161>=0&K161<xlen()&K162>=0&K162<ylen())&((( !(Ch(0,0)&(K161>0|K162>0)) ) => ( !(Ch(0,0)&(K161>0|K162>0))&(!turn(p1)) ))&!(exists(G0:Int)[G0>=0&(Ch(G0,0)&(K161>G0|K162>0))&! (Ch(0,G0)&(K161>0|K162>G0))])) ]
2019-10-08 11:52:05,481 -- z3prover.py -- [function:imply][line:46] -- DEBUG: #checking imply:
 f1:(( !Ch(0,0) ) => ( !Ch(0,0)&turn(p1) ))&!(exists(G0:Int)[G0>=0&Ch(G0,0)&! Ch(0,G0)])
 f2:forall(K159:Int,K160:Int)[ Ch(K159,K160)&turn(p2)&K159>=0&K159<xlen()&K160>=0&K160<ylen()=>((( !(Ch(0,0)&(K159>0|K160>0)) ) => ( !(Ch(0,0)&(K159>0|K160>0))&(!turn(p1)) ))&!(exists(G0:Int)[G0>=0&(xlen()=G0)&! (Ch(0,0)&(K159>0|K160>0))])) ]
2019-10-08 11:52:06,579 -- z3prover.py -- [function:imply][line:46] -- DEBUG: #checking imply:
 f1:(( !Ch(0,0) ) => ( !Ch(0,0)&turn(p1) ))&!(exists(G0:Int)[G0>=0&xlen() = G0&! Ch(0,0)])&!(! turn(p1))
 f2:exists(K165:Int,K166:Int)[ (Ch(K165,K166)&turn(p1)&K165>=0&K165<xlen()&K166>=0&K166<ylen())&((( !(Ch(0,0)&(K165>0|K166>0)) ) => ( !(Ch(0,0)&(K165>0|K166>0))&(!turn(p1)) ))&!(exists(G0:Int)[G0>=0&! G0 = 0&(Ch(G0,G0)&(K165>G0|K166>G0))])) ]
2019-10-08 11:52:06,616 -- z3prover.py -- [function:imply][line:46] -- DEBUG: #checking imply:
 f1:(( !Ch(0,0) ) => ( !Ch(0,0)&turn(p1) ))&!(exists(G0:Int)[G0>=0&! G0 = 0&Ch(G0,G0)])
 f2:forall(K163:Int,K164:Int)[ Ch(K163,K164)&turn(p2)&K163>=0&K163<xlen()&K164>=0&K164<ylen()=>((( !(Ch(0,0)&(K163>0|K164>0)) ) => ( !(Ch(0,0)&(K163>0|K164>0))&(!turn(p1)) ))&!(exists(G0:Int)[G0>=0&(xlen()=G0)&! (Ch(0,0)&(K163>0|K164>0))])&!(! (!turn(p1)))) ]
2019-10-08 11:52:09,115 -- z3prover.py -- [function:imply][line:46] -- DEBUG: #checking imply:
 f1:(( !Ch(0,0) ) => ( !Ch(0,0)&turn(p1) ))&!(exists(G0:Int)[G0>=0&ylen() > G0&! Ch(G0,G0)])
 f2:exists(K170:Int,K171:Int)[ (Ch(K170,K171)&turn(p1)&K170>=0&K170<xlen()&K171>=0&K171<ylen())&((( !(Ch(0,0)&(K170>0|K171>0)) ) => ( !(Ch(0,0)&(K170>0|K171>0))&(!turn(p1)) ))&!(exists(G0:Int)[G0>=0&! G0 = 0&(Ch(G0,G0)&(K170>G0|K171>G0))])&!(exists(G0:Int)[ exists(K172:Int)[ (ylen()=K172)&(G0>=0& K172 > G0&! (Ch(0,G0)&(K170>0|K171>G0)))] ])) ]
2019-10-08 11:52:09,156 -- z3prover.py -- [function:imply][line:46] -- DEBUG: #checking imply:
 f1:(( !Ch(0,0) ) => ( !Ch(0,0)&turn(p1) ))&!(exists(G0:Int)[G0>=0&! G0 = 0&Ch(G0,G0)])&!(exists(G0:Int)[G0>=0&ylen() > G0&! Ch(0,G0)])
 f2:forall(K167:Int,K168:Int)[ Ch(K167,K168)&turn(p2)&K167>=0&K167<xlen()&K168>=0&K168<ylen()=>((( !(Ch(0,0)&(K167>0|K168>0)) ) => ( !(Ch(0,0)&(K167>0|K168>0))&(!turn(p1)) ))&!(exists(G0:Int)[ exists(K169:Int)[ (ylen()=K169)&(G0>=0& K169 > G0&! (Ch(G0,G0)&(K167>G0|K168>G0)))] ])) ]
2019-10-08 11:52:09,193 -- z3prover.py -- [function:imply][line:46] -- DEBUG: #checking imply:
 f1:(( !Ch(0,0) ) => ( !Ch(0,0)&turn(p1) ))&!(exists(G0:Int)[G0>=0&! G0 = 0&Ch(G0,G0)])&!(exists(G0:Int)[G0>=0&ylen() > G0&! Ch(0,G0)])
 f2:forall(K167:Int,K168:Int)[ Ch(K167,K168)&turn(p2)&K167>=0&K167<xlen()&K168>=0&K168<ylen()=>((( !(Ch(0,0)&(K167>0|K168>0)) ) => ( !(Ch(0,0)&(K167>0|K168>0))&(!turn(p1)) ))&!(exists(G0:Int)[ exists(K169:Int)[ (ylen()=K169)&(G0>=0& K169 > G0&! (Ch(G0,G0)&(K167>G0|K168>G0)))] ])) ]
2019-10-08 11:52:12,412 -- z3prover.py -- [function:imply][line:46] -- DEBUG: #checking imply:
 f1:( !Ch(0,0) ) => ( !Ch(0,0)&turn(p1) )
 f2:exists(K175:Int,K176:Int)[ (Ch(K175,K176)&turn(p1)&K175>=0&K175<xlen()&K176>=0&K176<ylen())&(( !(Ch(0,0)&(K175>0|K176>0)) ) => ( !(Ch(0,0)&(K175>0|K176>0))&(!turn(p1)) )) ]
2019-10-08 11:52:12,441 -- z3prover.py -- [function:imply][line:46] -- DEBUG: #checking imply:
 f1:( !Ch(0,0) ) => ( !Ch(0,0)&turn(p1) )
 f2:forall(K173:Int,K174:Int)[ Ch(K173,K174)&turn(p2)&K173>=0&K173<xlen()&K174>=0&K174<ylen()=>(( !(Ch(0,0)&(K173>0|K174>0)) ) => ( !(Ch(0,0)&(K173>0|K174>0))&(!turn(p1)) )) ]
2019-10-08 11:52:12,532 -- z3prover.py -- [function:imply][line:46] -- DEBUG: #checking imply:
 f1:(( !Ch(0,0) ) => ( !Ch(0,0)&turn(p1) ))&!(exists(X1:Int)[X1>=0&ylen() = X1])
 f2:exists(K179:Int,K180:Int)[ (Ch(K179,K180)&turn(p1)&K179>=0&K179<xlen()&K180>=0&K180<ylen())&(( !(Ch(0,0)&(K179>0|K180>0)) ) => ( !(Ch(0,0)&(K179>0|K180>0))&(!turn(p1)) )) ]
2019-10-08 11:52:12,562 -- z3prover.py -- [function:imply][line:46] -- DEBUG: #checking imply:
 f1:( !Ch(0,0) ) => ( !Ch(0,0)&turn(p1) )
 f2:forall(K177:Int,K178:Int)[ Ch(K177,K178)&turn(p2)&K177>=0&K177<xlen()&K178>=0&K178<ylen()=>((( !(Ch(0,0)&(K177>0|K178>0)) ) => ( !(Ch(0,0)&(K177>0|K178>0))&(!turn(p1)) ))&!(exists(X1:Int)[X1>=0&(ylen()=X1)])) ]
2019-10-08 11:52:12,722 -- z3prover.py -- [function:imply][line:46] -- DEBUG: #checking imply:
 f1:(( !Ch(0,0) ) => ( !Ch(0,0)&turn(p1) ))&!(exists(X1:Int)[X1>=0&ylen() = X1])
 f2:exists(K183:Int,K184:Int)[ (Ch(K183,K184)&turn(p1)&K183>=0&K183<xlen()&K184>=0&K184<ylen())&((( !(Ch(0,0)&(K183>0|K184>0)) ) => ( !(Ch(0,0)&(K183>0|K184>0))&(!turn(p1)) ))&!(exists(X0:_S1)[(!turn(X0))])) ]
2019-10-08 11:52:12,747 -- z3prover.py -- [function:imply][line:46] -- DEBUG: #checking imply:
 f1:(( !Ch(0,0) ) => ( !Ch(0,0)&turn(p1) ))&!(exists(X0:_S1)[turn(X0)])
 f2:forall(K181:Int,K182:Int)[ Ch(K181,K182)&turn(p2)&K181>=0&K181<xlen()&K182>=0&K182<ylen()=>((( !(Ch(0,0)&(K181>0|K182>0)) ) => ( !(Ch(0,0)&(K181>0|K182>0))&(!turn(p1)) ))&!(exists(X1:Int)[X1>=0&(ylen()=X1)])) ]
2019-10-08 11:52:12,767 -- z3prover.py -- [function:imply][line:46] -- DEBUG: #checking imply:
 f1:forall(K16:Int,K17:Int)[K16>=0&K16<xlen()&K17>=0&K17<ylen()=>Ch(K16,K17)]&turn(p1)&!turn(p2)
 f2:(( !Ch(0,0) ) => ( !Ch(0,0)&turn(p1) ))&!(exists(X1:Int)[X1>=0&ylen() = X1])
2019-10-08 11:52:13,473 -- z3prover.py -- [function:imply][line:46] -- DEBUG: #checking imply:
 f1:(( !Ch(0,0) ) => ( !Ch(0,0)&turn(p1) ))&!(exists(G0:Int)[G0>=0&ylen() = G0&! Ch(0,0)])
 f2:exists(K187:Int,K188:Int)[ (Ch(K187,K188)&turn(p1)&K187>=0&K187<xlen()&K188>=0&K188<ylen())&((( !(Ch(0,0)&(K187>0|K188>0)) ) => ( !(Ch(0,0)&(K187>0|K188>0))&(!turn(p1)) ))&!(exists(G0:Int)[ exists(K189:Int)[ (xlen()=K189)&(G0>=0& K189 > G0&! (Ch(G0,0)&(K187>G0|K188>0)))] ])) ]
2019-10-08 11:52:13,512 -- z3prover.py -- [function:imply][line:46] -- DEBUG: #checking imply:
 f1:(( !Ch(0,0) ) => ( !Ch(0,0)&turn(p1) ))&!(exists(G0:Int)[G0>=0&xlen() > G0&! Ch(G0,0)])
 f2:forall(K185:Int,K186:Int)[ Ch(K185,K186)&turn(p2)&K185>=0&K185<xlen()&K186>=0&K186<ylen()=>((( !(Ch(0,0)&(K185>0|K186>0)) ) => ( !(Ch(0,0)&(K185>0|K186>0))&(!turn(p1)) ))&!(exists(G0:Int)[G0>=0&(ylen()=G0)&! (Ch(0,0)&(K185>0|K186>0))])) ]
2019-10-08 11:52:14,714 -- z3prover.py -- [function:imply][line:46] -- DEBUG: #checking imply:
 f1:(( !Ch(0,0) ) => ( !Ch(0,0)&turn(p1) ))&!(exists(G0:Int)[G0>=0&ylen() = G0&! Ch(0,0)])&!(turn(p2))
 f2:exists(K192:Int,K193:Int)[ (Ch(K192,K193)&turn(p1)&K192>=0&K192<xlen()&K193>=0&K193<ylen())&((( !(Ch(0,0)&(K192>0|K193>0)) ) => ( !(Ch(0,0)&(K192>0|K193>0))&(!turn(p1)) ))&!(exists(G0:Int)[G0>=0&G0 > 0&(Ch(G0,G0)&(K192>G0|K193>G0))])) ]
2019-10-08 11:52:14,749 -- z3prover.py -- [function:imply][line:46] -- DEBUG: #checking imply:
 f1:(( !Ch(0,0) ) => ( !Ch(0,0)&turn(p1) ))&!(exists(G0:Int)[G0>=0&G0 > 0&Ch(G0,G0)])
 f2:forall(K190:Int,K191:Int)[ Ch(K190,K191)&turn(p2)&K190>=0&K190<xlen()&K191>=0&K191<ylen()=>((( !(Ch(0,0)&(K190>0|K191>0)) ) => ( !(Ch(0,0)&(K190>0|K191>0))&(!turn(p1)) ))&!(exists(G0:Int)[G0>=0&(ylen()=G0)&! (Ch(0,0)&(K190>0|K191>0))])&!((!turn(p2)))) ]
2019-10-08 11:52:17,295 -- z3prover.py -- [function:imply][line:46] -- DEBUG: #checking imply:
 f1:(( !Ch(0,0) ) => ( !Ch(0,0)&turn(p1) ))&!(exists(G0:Int)[G0>=0&xlen() > G0&! Ch(0,G0)])
 f2:exists(K197:Int,K198:Int)[ (Ch(K197,K198)&turn(p1)&K197>=0&K197<xlen()&K198>=0&K198<ylen())&((( !(Ch(0,0)&(K197>0|K198>0)) ) => ( !(Ch(0,0)&(K197>0|K198>0))&(!turn(p1)) ))&!(exists(G0:Int)[G0>=0&G0 > 0&(Ch(G0,G0)&(K197>G0|K198>G0))])&!(exists(G0:Int)[ exists(K199:Int)[ (xlen()=K199)&(G0>=0& K199 > G0&! (Ch(G0,0)&(K197>G0|K198>0)))] ])) ]
2019-10-08 11:52:17,332 -- z3prover.py -- [function:imply][line:46] -- DEBUG: #checking imply:
 f1:(( !Ch(0,0) ) => ( !Ch(0,0)&turn(p1) ))&!(exists(G0:Int)[G0>=0&G0 > 0&Ch(G0,G0)])&!(exists(G0:Int)[G0>=0&xlen() > G0&! Ch(G0,0)])
 f2:forall(K194:Int,K195:Int)[ Ch(K194,K195)&turn(p2)&K194>=0&K194<xlen()&K195>=0&K195<ylen()=>((( !(Ch(0,0)&(K194>0|K195>0)) ) => ( !(Ch(0,0)&(K194>0|K195>0))&(!turn(p1)) ))&!(exists(G0:Int)[ exists(K196:Int)[ (xlen()=K196)&(G0>=0& K196 > G0&! (Ch(0,G0)&(K194>0|K195>G0)))] ])) ]
2019-10-08 11:52:17,363 -- z3prover.py -- [function:imply][line:46] -- DEBUG: #checking imply:
 f1:(( !Ch(0,0) ) => ( !Ch(0,0)&turn(p1) ))&!(exists(G0:Int)[G0>=0&G0 > 0&Ch(G0,G0)])&!(exists(G0:Int)[G0>=0&xlen() > G0&! Ch(G0,0)])
 f2:forall(K194:Int,K195:Int)[ Ch(K194,K195)&turn(p2)&K194>=0&K194<xlen()&K195>=0&K195<ylen()=>((( !(Ch(0,0)&(K194>0|K195>0)) ) => ( !(Ch(0,0)&(K194>0|K195>0))&(!turn(p1)) ))&!(exists(G0:Int)[ exists(K196:Int)[ (xlen()=K196)&(G0>=0& K196 > G0&! (Ch(0,G0)&(K194>0|K195>G0)))] ])) ]
2019-10-08 11:52:20,599 -- z3prover.py -- [function:imply][line:46] -- DEBUG: #checking imply:
 f1:(( !Ch(0,0) ) => ( !Ch(0,0)&turn(p1) ))&!(exists(G0:Int)[G0>=0&xlen() > G0&! Ch(0,G0)])&!(turn(p2))
 f2:exists(K203:Int,K204:Int)[ (Ch(K203,K204)&turn(p1)&K203>=0&K203<xlen()&K204>=0&K204<ylen())&((( !(Ch(0,0)&(K203>0|K204>0)) ) => ( !(Ch(0,0)&(K203>0|K204>0))&(!turn(p1)) ))&!(exists(G0:Int)[G0>=0&G0 > 0&(Ch(G0,G0)&(K203>G0|K204>G0))])&!(exists(G0:Int,G1:Int)[ exists(K205:Int)[ (xlen()=K205)&(G0>=0&G1>=0& K205 > G0&G0 > G1&! (Ch(G1,G0)&(K203>G1|K204>G0)))] ])) ]
2019-10-08 11:52:30,648 -- z3prover.py -- [function:imply][line:46] -- DEBUG: #checking imply:
 f1:(( !Ch(0,0) ) => ( !Ch(0,0)&turn(p1) ))&!(exists(G0:Int)[G0>=0&G0 > 0&Ch(G0,G0)])&!(exists(G0:Int,G1:Int)[G0>=0&G1>=0&xlen() > G0&G0 > G1&! Ch(G1,G0)])
 f2:forall(K200:Int,K201:Int)[ Ch(K200,K201)&turn(p2)&K200>=0&K200<xlen()&K201>=0&K201<ylen()=>((( !(Ch(0,0)&(K200>0|K201>0)) ) => ( !(Ch(0,0)&(K200>0|K201>0))&(!turn(p1)) ))&!(exists(G0:Int)[ exists(K202:Int)[ (xlen()=K202)&(G0>=0& K202 > G0&! (Ch(0,G0)&(K200>0|K201>G0)))] ])&!((!turn(p2)))) ]
2019-10-08 11:52:30,724 -- z3prover.py -- [function:imply][line:46] -- DEBUG: #checking imply:
 f1:(( !Ch(0,0) ) => ( !Ch(0,0)&turn(p1) ))&!(exists(G0:Int)[G0>=0&xlen() > G0&! Ch(0,G0)])&!(! turn(p1))
 f2:exists(K209:Int,K210:Int)[ (Ch(K209,K210)&turn(p1)&K209>=0&K209<xlen()&K210>=0&K210<ylen())&((( !(Ch(0,0)&(K209>0|K210>0)) ) => ( !(Ch(0,0)&(K209>0|K210>0))&(!turn(p1)) ))&!(exists(G0:Int)[G0>=0&G0 > 0&(Ch(G0,G0)&(K209>G0|K210>G0))])&!(exists(G0:Int,G1:Int)[ exists(K211:Int)[ (xlen()=K211)&(G0>=0&G1>=0& K211 > G0&! G1 >= G0&! (Ch(G1,G0)&(K209>G1|K210>G0)))] ])) ]
2019-10-08 11:52:40,779 -- z3prover.py -- [function:imply][line:46] -- DEBUG: #checking imply:
 f1:(( !Ch(0,0) ) => ( !Ch(0,0)&turn(p1) ))&!(exists(G0:Int)[G0>=0&G0 > 0&Ch(G0,G0)])&!(exists(G0:Int,G1:Int)[G0>=0&G1>=0&xlen() > G0&! G1 >= G0&! Ch(G1,G0)])
 f2:forall(K206:Int,K207:Int)[ Ch(K206,K207)&turn(p2)&K206>=0&K206<xlen()&K207>=0&K207<ylen()=>((( !(Ch(0,0)&(K206>0|K207>0)) ) => ( !(Ch(0,0)&(K206>0|K207>0))&(!turn(p1)) ))&!(exists(G0:Int)[ exists(K208:Int)[ (xlen()=K208)&(G0>=0& K208 > G0&! (Ch(0,G0)&(K206>0|K207>G0)))] ])&!(! (!turn(p1)))) ]
2019-10-08 11:52:40,858 -- z3prover.py -- [function:imply][line:46] -- DEBUG: #checking imply:
 f1:(( !Ch(0,0) ) => ( !Ch(0,0)&turn(p1) ))&!(exists(G0:Int)[G0>=0&xlen() > G0&! Ch(0,G0)])&!(exists(G0:Int)[G0>=0&Ch(G0,0)&turn(p2)])
 f2:exists(K215:Int,K216:Int)[ (Ch(K215,K216)&turn(p1)&K215>=0&K215<xlen()&K216>=0&K216<ylen())&((( !(Ch(0,0)&(K215>0|K216>0)) ) => ( !(Ch(0,0)&(K215>0|K216>0))&(!turn(p1)) ))&!(exists(G0:Int)[G0>=0&G0 > 0&(Ch(G0,G0)&(K215>G0|K216>G0))])&!(exists(G0:Int,G1:Int)[ exists(K217:Int)[ (xlen()=K217)&(G0>=0&G1>=0& K217 > G0&! (Ch(G1,G0)&(K215>G1|K216>G0))&G0 > G1)] ])) ]
2019-10-08 11:52:50,902 -- z3prover.py -- [function:imply][line:46] -- DEBUG: #checking imply:
 f1:(( !Ch(0,0) ) => ( !Ch(0,0)&turn(p1) ))&!(exists(G0:Int)[G0>=0&G0 > 0&Ch(G0,G0)])&!(exists(G0:Int,G1:Int)[G0>=0&G1>=0&xlen() > G0&! Ch(G1,G0)&G0 > G1])
 f2:forall(K212:Int,K213:Int)[ Ch(K212,K213)&turn(p2)&K212>=0&K212<xlen()&K213>=0&K213<ylen()=>((( !(Ch(0,0)&(K212>0|K213>0)) ) => ( !(Ch(0,0)&(K212>0|K213>0))&(!turn(p1)) ))&!(exists(G0:Int)[ exists(K214:Int)[ (xlen()=K214)&(G0>=0& K214 > G0&! (Ch(0,G0)&(K212>0|K213>G0)))] ])&!(exists(G0:Int)[G0>=0&(Ch(G0,0)&(K212>G0|K213>0))&(!turn(p2))])) ]
2019-10-08 11:52:51,168 -- z3prover.py -- [function:imply][line:46] -- DEBUG: #checking imply:
 f1:(( !Ch(0,0) ) => ( !Ch(0,0)&turn(p1) ))&!(exists(G0:Int)[G0>=0&xlen() > G0&! Ch(0,G0)])&!(exists(G0:Int)[G0>=0&Ch(G0,0)&! turn(p1)])
 f2:exists(K221:Int,K222:Int)[ (Ch(K221,K222)&turn(p1)&K221>=0&K221<xlen()&K222>=0&K222<ylen())&((( !(Ch(0,0)&(K221>0|K222>0)) ) => ( !(Ch(0,0)&(K221>0|K222>0))&(!turn(p1)) ))&!(exists(G0:Int)[G0>=0&G0 > 0&(Ch(G0,G0)&(K221>G0|K222>G0))])&!(exists(G0:Int,G1:Int)[ exists(K223:Int)[ (xlen()=K223)&(G0>=0&G1>=0& K223 > G0&! (Ch(G1,G0)&(K221>G1|K222>G0))&! G1 >= G0)] ])) ]
2019-10-08 11:53:01,214 -- z3prover.py -- [function:imply][line:46] -- DEBUG: #checking imply:
 f1:(( !Ch(0,0) ) => ( !Ch(0,0)&turn(p1) ))&!(exists(G0:Int)[G0>=0&G0 > 0&Ch(G0,G0)])&!(exists(G0:Int,G1:Int)[G0>=0&G1>=0&xlen() > G0&! Ch(G1,G0)&! G1 >= G0])
 f2:forall(K218:Int,K219:Int)[ Ch(K218,K219)&turn(p2)&K218>=0&K218<xlen()&K219>=0&K219<ylen()=>((( !(Ch(0,0)&(K218>0|K219>0)) ) => ( !(Ch(0,0)&(K218>0|K219>0))&(!turn(p1)) ))&!(exists(G0:Int)[ exists(K220:Int)[ (xlen()=K220)&(G0>=0& K220 > G0&! (Ch(0,G0)&(K218>0|K219>G0)))] ])&!(exists(G0:Int)[G0>=0&(Ch(G0,0)&(K218>G0|K219>0))&! (!turn(p1))])) ]
2019-10-08 11:53:01,299 -- z3prover.py -- [function:imply][line:46] -- DEBUG: #checking imply:
 f1:(( !Ch(0,0) ) => ( !Ch(0,0)&turn(p1) ))&!(exists(G0:Int)[G0>=0&xlen() > G0&! Ch(0,G0)])&!(exists(G0:Int,G1:Int)[G0>=0&G1>=0&Ch(G0,G1)&! Ch(G1,0)])
 f2:exists(K227:Int,K228:Int)[ (Ch(K227,K228)&turn(p1)&K227>=0&K227<xlen()&K228>=0&K228<ylen())&((( !(Ch(0,0)&(K227>0|K228>0)) ) => ( !(Ch(0,0)&(K227>0|K228>0))&(!turn(p1)) ))&!(exists(G0:Int)[G0>=0&G0 > 0&(Ch(G0,G0)&(K227>G0|K228>G0))])&!(exists(G0:Int,G1:Int)[ exists(K229:Int)[ (xlen()=K229)&(G0>=0&G1>=0& K229 > G0&G1 = 0&! (Ch(G1,G0)&(K227>G1|K228>G0)))] ])) ]
2019-10-08 11:53:01,343 -- z3prover.py -- [function:imply][line:46] -- DEBUG: #checking imply:
 f1:(( !Ch(0,0) ) => ( !Ch(0,0)&turn(p1) ))&!(exists(G0:Int)[G0>=0&G0 > 0&Ch(G0,G0)])&!(exists(G0:Int,G1:Int)[G0>=0&G1>=0&xlen() > G0&G1 = 0&! Ch(G1,G0)])
 f2:forall(K224:Int,K225:Int)[ Ch(K224,K225)&turn(p2)&K224>=0&K224<xlen()&K225>=0&K225<ylen()=>((( !(Ch(0,0)&(K224>0|K225>0)) ) => ( !(Ch(0,0)&(K224>0|K225>0))&(!turn(p1)) ))&!(exists(G0:Int)[ exists(K226:Int)[ (xlen()=K226)&(G0>=0& K226 > G0&! (Ch(0,G0)&(K224>0|K225>G0)))] ])&!(exists(G0:Int,G1:Int)[G0>=0&G1>=0&(Ch(G0,G1)&(K224>G0|K225>G1))&! (Ch(G1,0)&(K224>G1|K225>0))])) ]
2019-10-08 11:53:01,386 -- z3prover.py -- [function:imply][line:46] -- DEBUG: #checking imply:
 f1:(( !Ch(0,0) ) => ( !Ch(0,0)&turn(p1) ))&!(exists(G0:Int)[G0>=0&G0 > 0&Ch(G0,G0)])&!(exists(G0:Int,G1:Int)[G0>=0&G1>=0&xlen() > G0&G1 = 0&! Ch(G1,G0)])
 f2:forall(K224:Int,K225:Int)[ Ch(K224,K225)&turn(p2)&K224>=0&K224<xlen()&K225>=0&K225<ylen()=>((( !(Ch(0,0)&(K224>0|K225>0)) ) => ( !(Ch(0,0)&(K224>0|K225>0))&(!turn(p1)) ))&!(exists(G0:Int)[ exists(K226:Int)[ (xlen()=K226)&(G0>=0& K226 > G0&! (Ch(0,G0)&(K224>0|K225>G0)))] ])&!(exists(G0:Int,G1:Int)[G0>=0&G1>=0&(Ch(G0,G1)&(K224>G0|K225>G1))&! (Ch(G1,0)&(K224>G1|K225>0))])) ]
2019-10-08 11:53:19,336 -- z3prover.py -- [function:imply][line:46] -- DEBUG: #checking imply:
 f1:( !Ch(0,0) ) => ( !Ch(0,0)&turn(p1) )
 f2:exists(K232:Int,K233:Int)[ (Ch(K232,K233)&turn(p1)&K232>=0&K232<xlen()&K233>=0&K233<ylen())&(( !(Ch(0,0)&(K232>0|K233>0)) ) => ( !(Ch(0,0)&(K232>0|K233>0))&(!turn(p1)) )) ]
2019-10-08 11:53:19,364 -- z3prover.py -- [function:imply][line:46] -- DEBUG: #checking imply:
 f1:( !Ch(0,0) ) => ( !Ch(0,0)&turn(p1) )
 f2:forall(K230:Int,K231:Int)[ Ch(K230,K231)&turn(p2)&K230>=0&K230<xlen()&K231>=0&K231<ylen()=>(( !(Ch(0,0)&(K230>0|K231>0)) ) => ( !(Ch(0,0)&(K230>0|K231>0))&(!turn(p1)) )) ]
2019-10-08 11:53:19,459 -- z3prover.py -- [function:imply][line:46] -- DEBUG: #checking imply:
 f1:(( !Ch(0,0) ) => ( !Ch(0,0)&turn(p1) ))&!(exists(X1:Int)[X1>=0&xlen() >= X1])
 f2:exists(K237:Int,K238:Int)[ (Ch(K237,K238)&turn(p1)&K237>=0&K237<xlen()&K238>=0&K238<ylen())&(( !(Ch(0,0)&(K237>0|K238>0)) ) => ( !(Ch(0,0)&(K237>0|K238>0))&(!turn(p1)) )) ]
2019-10-08 11:53:19,488 -- z3prover.py -- [function:imply][line:46] -- DEBUG: #checking imply:
 f1:( !Ch(0,0) ) => ( !Ch(0,0)&turn(p1) )
 f2:forall(K234:Int,K235:Int)[ Ch(K234,K235)&turn(p2)&K234>=0&K234<xlen()&K235>=0&K235<ylen()=>((( !(Ch(0,0)&(K234>0|K235>0)) ) => ( !(Ch(0,0)&(K234>0|K235>0))&(!turn(p1)) ))&!(exists(X1:Int)[ exists(K236:Int)[ (xlen()=K236)&(X1>=0& K236 >= X1)] ])) ]
2019-10-08 11:53:19,654 -- z3prover.py -- [function:imply][line:46] -- DEBUG: #checking imply:
 f1:(( !Ch(0,0) ) => ( !Ch(0,0)&turn(p1) ))&!(exists(X1:Int)[X1>=0&xlen() >= X1])
 f2:exists(K242:Int,K243:Int)[ (Ch(K242,K243)&turn(p1)&K242>=0&K242<xlen()&K243>=0&K243<ylen())&((( !(Ch(0,0)&(K242>0|K243>0)) ) => ( !(Ch(0,0)&(K242>0|K243>0))&(!turn(p1)) ))&!(exists(X0:_S1)[(!turn(X0))])) ]
2019-10-08 11:53:19,679 -- z3prover.py -- [function:imply][line:46] -- DEBUG: #checking imply:
 f1:(( !Ch(0,0) ) => ( !Ch(0,0)&turn(p1) ))&!(exists(X0:_S1)[turn(X0)])
 f2:forall(K239:Int,K240:Int)[ Ch(K239,K240)&turn(p2)&K239>=0&K239<xlen()&K240>=0&K240<ylen()=>((( !(Ch(0,0)&(K239>0|K240>0)) ) => ( !(Ch(0,0)&(K239>0|K240>0))&(!turn(p1)) ))&!(exists(X1:Int)[ exists(K241:Int)[ (xlen()=K241)&(X1>=0& K241 >= X1)] ])) ]
2019-10-08 11:53:19,704 -- z3prover.py -- [function:imply][line:46] -- DEBUG: #checking imply:
 f1:forall(K16:Int,K17:Int)[K16>=0&K16<xlen()&K17>=0&K17<ylen()=>Ch(K16,K17)]&turn(p1)&!turn(p2)
 f2:(( !Ch(0,0) ) => ( !Ch(0,0)&turn(p1) ))&!(exists(X1:Int)[X1>=0&xlen() >= X1])
2019-10-08 11:53:20,460 -- z3prover.py -- [function:imply][line:46] -- DEBUG: #checking imply:
 f1:(( !Ch(0,0) ) => ( !Ch(0,0)&turn(p1) ))&!(exists(G0:Int)[G0>=0&G0 = 0&! Ch(G0,0)])
 f2:exists(K246:Int,K247:Int)[ (Ch(K246,K247)&turn(p1)&K246>=0&K246<xlen()&K247>=0&K247<ylen())&((( !(Ch(0,0)&(K246>0|K247>0)) ) => ( !(Ch(0,0)&(K246>0|K247>0))&(!turn(p1)) ))&!(exists(G0:Int)[G0>=0&(Ch(0,G0)&(K246>0|K247>G0))&! (Ch(G0,0)&(K246>G0|K247>0))])) ]
2019-10-08 11:53:20,496 -- z3prover.py -- [function:imply][line:46] -- DEBUG: #checking imply:
 f1:(( !Ch(0,0) ) => ( !Ch(0,0)&turn(p1) ))&!(exists(G0:Int)[G0>=0&Ch(0,G0)&! Ch(G0,0)])
 f2:forall(K244:Int,K245:Int)[ Ch(K244,K245)&turn(p2)&K244>=0&K244<xlen()&K245>=0&K245<ylen()=>((( !(Ch(0,0)&(K244>0|K245>0)) ) => ( !(Ch(0,0)&(K244>0|K245>0))&(!turn(p1)) ))&!(exists(G0:Int)[G0>=0&G0 = 0&! (Ch(G0,0)&(K244>G0|K245>0))])) ]
2019-10-08 11:53:21,703 -- z3prover.py -- [function:imply][line:46] -- DEBUG: #checking imply:
 f1:(( !Ch(0,0) ) => ( !Ch(0,0)&turn(p1) ))&!(exists(G0:Int)[G0>=0&G0 = 0&! Ch(G0,0)])&!(! turn(p1))
 f2:exists(K250:Int,K251:Int)[ (Ch(K250,K251)&turn(p1)&K250>=0&K250<xlen()&K251>=0&K251<ylen())&((( !(Ch(0,0)&(K250>0|K251>0)) ) => ( !(Ch(0,0)&(K250>0|K251>0))&(!turn(p1)) ))&!(exists(G0:Int)[G0>=0&! G0 = 0&(Ch(G0,G0)&(K250>G0|K251>G0))])) ]
2019-10-08 11:53:21,737 -- z3prover.py -- [function:imply][line:46] -- DEBUG: #checking imply:
 f1:(( !Ch(0,0) ) => ( !Ch(0,0)&turn(p1) ))&!(exists(G0:Int)[G0>=0&! G0 = 0&Ch(G0,G0)])
 f2:forall(K248:Int,K249:Int)[ Ch(K248,K249)&turn(p2)&K248>=0&K248<xlen()&K249>=0&K249<ylen()=>((( !(Ch(0,0)&(K248>0|K249>0)) ) => ( !(Ch(0,0)&(K248>0|K249>0))&(!turn(p1)) ))&!(exists(G0:Int)[G0>=0&G0 = 0&! (Ch(G0,0)&(K248>G0|K249>0))])&!(! (!turn(p1)))) ]
2019-10-08 11:53:25,288 -- z3prover.py -- [function:imply][line:46] -- DEBUG: #checking imply:
 f1:(( !Ch(0,0) ) => ( !Ch(0,0)&turn(p1) ))&!(exists(G0:Int)[G0>=0&ylen() > G0&! Ch(G0,0)])
 f2:exists(K255:Int,K256:Int)[ (Ch(K255,K256)&turn(p1)&K255>=0&K255<xlen()&K256>=0&K256<ylen())&((( !(Ch(0,0)&(K255>0|K256>0)) ) => ( !(Ch(0,0)&(K255>0|K256>0))&(!turn(p1)) ))&!(exists(G0:Int)[G0>=0&! G0 = 0&(Ch(G0,G0)&(K255>G0|K256>G0))])&!(exists(G0:Int)[ exists(K257:Int)[ (ylen()=K257)&(G0>=0& K257 > G0&! (Ch(0,G0)&(K255>0|K256>G0)))] ])) ]
2019-10-08 11:53:25,328 -- z3prover.py -- [function:imply][line:46] -- DEBUG: #checking imply:
 f1:(( !Ch(0,0) ) => ( !Ch(0,0)&turn(p1) ))&!(exists(G0:Int)[G0>=0&! G0 = 0&Ch(G0,G0)])&!(exists(G0:Int)[G0>=0&ylen() > G0&! Ch(0,G0)])
 f2:forall(K252:Int,K253:Int)[ Ch(K252,K253)&turn(p2)&K252>=0&K252<xlen()&K253>=0&K253<ylen()=>((( !(Ch(0,0)&(K252>0|K253>0)) ) => ( !(Ch(0,0)&(K252>0|K253>0))&(!turn(p1)) ))&!(exists(G0:Int)[ exists(K254:Int)[ (ylen()=K254)&(G0>=0& K254 > G0&! (Ch(G0,0)&(K252>G0|K253>0)))] ])) ]
2019-10-08 11:53:25,358 -- z3prover.py -- [function:imply][line:46] -- DEBUG: #checking imply:
 f1:(( !Ch(0,0) ) => ( !Ch(0,0)&turn(p1) ))&!(exists(G0:Int)[G0>=0&! G0 = 0&Ch(G0,G0)])&!(exists(G0:Int)[G0>=0&ylen() > G0&! Ch(0,G0)])
 f2:forall(K252:Int,K253:Int)[ Ch(K252,K253)&turn(p2)&K252>=0&K252<xlen()&K253>=0&K253<ylen()=>((( !(Ch(0,0)&(K252>0|K253>0)) ) => ( !(Ch(0,0)&(K252>0|K253>0))&(!turn(p1)) ))&!(exists(G0:Int)[ exists(K254:Int)[ (ylen()=K254)&(G0>=0& K254 > G0&! (Ch(G0,0)&(K252>G0|K253>0)))] ])) ]
